[1.640s] Invoking command in '/home/lucas/Desktop/RoboFEI/IC/ros2/ros2_ws/src/my_package': PYTHONPATH=/home/lucas/Desktop/RoboFEI/IC/ros2/ros2_ws/build/my_package/prefix_override:/home/lucas/Desktop/RoboFEI/IC/ros2/ros2_ws/install/my_package/lib/python3.8/site-packages:${PYTHONPATH} /usr/bin/python3 -W ignore:setup.py install is deprecated setup.py egg_info --egg-base ../../build/my_package build --build-base /home/lucas/Desktop/RoboFEI/IC/ros2/ros2_ws/build/my_package/build install --record /home/lucas/Desktop/RoboFEI/IC/ros2/ros2_ws/build/my_package/install.log --install-scripts $base/lib/my_package --single-version-externally-managed install_data
[1.951s] running egg_info
[1.952s] writing ../../build/my_package/my_package.egg-info/PKG-INFO
[1.967s] writing dependency_links to ../../build/my_package/my_package.egg-info/dependency_links.txt
[1.968s] writing entry points to ../../build/my_package/my_package.egg-info/entry_points.txt
[1.968s] writing requirements to ../../build/my_package/my_package.egg-info/requires.txt
[1.968s] writing top-level names to ../../build/my_package/my_package.egg-info/top_level.txt
[2.088s] reading manifest file '../../build/my_package/my_package.egg-info/SOURCES.txt'
[2.105s] writing manifest file '../../build/my_package/my_package.egg-info/SOURCES.txt'
[2.105s] running build
[2.106s] running build_py
[2.107s] running install
[2.109s] running install_lib
[2.111s] running install_data
[2.112s] running install_egg_info
[2.115s] removing '/home/lucas/Desktop/RoboFEI/IC/ros2/ros2_ws/install/my_package/lib/python3.8/site-packages/my_package-0.0.0-py3.8.egg-info' (and everything under it)
[2.131s] Copying ../../build/my_package/my_package.egg-info to /home/lucas/Desktop/RoboFEI/IC/ros2/ros2_ws/install/my_package/lib/python3.8/site-packages/my_package-0.0.0-py3.8.egg-info
[2.151s] running install_scripts
[2.180s] Installing my_robot_driver script to /home/lucas/Desktop/RoboFEI/IC/ros2/ros2_ws/install/my_package/lib/my_package
[2.180s] Installing obstacle_avoider script to /home/lucas/Desktop/RoboFEI/IC/ros2/ros2_ws/install/my_package/lib/my_package
[2.181s] writing list of installed files to '/home/lucas/Desktop/RoboFEI/IC/ros2/ros2_ws/build/my_package/install.log'
[2.207s] Invoked command in '/home/lucas/Desktop/RoboFEI/IC/ros2/ros2_ws/src/my_package' returned '0': PYTHONPATH=/home/lucas/Desktop/RoboFEI/IC/ros2/ros2_ws/build/my_package/prefix_override:/home/lucas/Desktop/RoboFEI/IC/ros2/ros2_ws/install/my_package/lib/python3.8/site-packages:${PYTHONPATH} /usr/bin/python3 -W ignore:setup.py install is deprecated setup.py egg_info --egg-base ../../build/my_package build --build-base /home/lucas/Desktop/RoboFEI/IC/ros2/ros2_ws/build/my_package/build install --record /home/lucas/Desktop/RoboFEI/IC/ros2/ros2_ws/build/my_package/install.log --install-scripts $base/lib/my_package --single-version-externally-managed install_data
