[0.674s] DEBUG:colcon:Command line arguments: ['/usr/bin/colcon', 'build', '--symlink-install']
[0.674s] DEBUG:colcon:Parsed command line arguments: Namespace(allow_overriding=[], ament_cmake_args=None, base_paths=['.'], build_base='build', catkin_cmake_args=None, catkin_skip_building_tests=False, cmake_args=None, cmake_clean_cache=False, cmake_clean_first=False, cmake_force_configure=False, cmake_target=None, cmake_target_skip_unavailable=False, continue_on_error=False, event_handlers=None, executor='parallel', ignore_user_meta=False, install_base='install', log_base=None, log_level=None, main=<bound method BuildVerb.main of <colcon_core.verb.build.BuildVerb object at 0x7f1785c82130>>, merge_install=False, metas=['./colcon.meta'], packages_above=None, packages_above_and_dependencies=None, packages_above_depth=None, packages_end=None, packages_ignore=None, packages_ignore_regex=None, packages_select=None, packages_select_build_failed=False, packages_select_by_dep=None, packages_select_regex=None, packages_select_test_failures=False, packages_skip=None, packages_skip_build_finished=False, packages_skip_by_dep=None, packages_skip_regex=None, packages_skip_test_passed=False, packages_skip_up_to=None, packages_start=None, packages_up_to=None, packages_up_to_regex=None, parallel_workers=6, paths=None, symlink_install=True, test_result_base=None, verb_extension=<colcon_core.verb.build.BuildVerb object at 0x7f1785c82130>, verb_name='build', verb_parser=<colcon_defaults.argument_parser.defaults.DefaultArgumentsDecorator object at 0x7f1785b2cb20>)
[1.159s] Level 1:colcon.colcon_core.package_discovery:discover_packages(colcon_meta) check parameters
[1.159s] Level 1:colcon.colcon_core.package_discovery:discover_packages(recursive) check parameters
[1.160s] Level 1:colcon.colcon_core.package_discovery:discover_packages(ignore) check parameters
[1.160s] Level 1:colcon.colcon_core.package_discovery:discover_packages(path) check parameters
[1.160s] Level 1:colcon.colcon_core.package_discovery:discover_packages(colcon_meta) discover
[1.160s] Level 1:colcon.colcon_core.package_discovery:discover_packages(recursive) discover
[1.160s] INFO:colcon.colcon_core.package_discovery:Crawling recursively for packages in '/home/lucas/Desktop/RoboFEI/IC/ros2/sigmaban_ws'
[1.160s] Level 1:colcon.colcon_core.package_identification:_identify(.) by extensions ['ignore', 'ignore_ament_install']
[1.161s] Level 1:colcon.colcon_core.package_identification:_identify(.) by extension 'ignore'
[1.161s] Level 1:colcon.colcon_core.package_identification:_identify(.) by extension 'ignore_ament_install'
[1.161s] Level 1:colcon.colcon_core.package_identification:_identify(.) by extensions ['colcon_pkg']
[1.161s] Level 1:colcon.colcon_core.package_identification:_identify(.) by extension 'colcon_pkg'
[1.162s] Level 1:colcon.colcon_core.package_identification:_identify(.) by extensions ['colcon_meta']
[1.162s] Level 1:colcon.colcon_core.package_identification:_identify(.) by extension 'colcon_meta'
[1.162s] Level 1:colcon.colcon_core.package_identification:_identify(.) by extensions ['ros']
[1.162s] Level 1:colcon.colcon_core.package_identification:_identify(.) by extension 'ros'
[1.240s] Level 1:colcon.colcon_core.package_identification:_identify(.) by extensions ['cmake', 'python']
[1.240s] Level 1:colcon.colcon_core.package_identification:_identify(.) by extension 'cmake'
[1.240s] Level 1:colcon.colcon_core.package_identification:_identify(.) by extension 'python'
[1.240s] Level 1:colcon.colcon_core.package_identification:_identify(.) by extensions ['python_setup_py']
[1.240s] Level 1:colcon.colcon_core.package_identification:_identify(.) by extension 'python_setup_py'
[1.240s] Level 1:colcon.colcon_core.package_identification:_identify(build) by extensions ['ignore', 'ignore_ament_install']
[1.240s] Level 1:colcon.colcon_core.package_identification:_identify(build) by extension 'ignore'
[1.240s] Level 1:colcon.colcon_core.package_identification:_identify(build) ignored
[1.240s] Level 1:colcon.colcon_core.package_identification:_identify(install) by extensions ['ignore', 'ignore_ament_install']
[1.241s] Level 1:colcon.colcon_core.package_identification:_identify(install) by extension 'ignore'
[1.241s] Level 1:colcon.colcon_core.package_identification:_identify(install) ignored
[1.241s] Level 1:colcon.colcon_core.package_identification:_identify(log) by extensions ['ignore', 'ignore_ament_install']
[1.241s] Level 1:colcon.colcon_core.package_identification:_identify(log) by extension 'ignore'
[1.241s] Level 1:colcon.colcon_core.package_identification:_identify(log) ignored
[1.241s] Level 1:colcon.colcon_core.package_identification:_identify(src) by extensions ['ignore', 'ignore_ament_install']
[1.241s] Level 1:colcon.colcon_core.package_identification:_identify(src) by extension 'ignore'
[1.241s] Level 1:colcon.colcon_core.package_identification:_identify(src) by extension 'ignore_ament_install'
[1.241s] Level 1:colcon.colcon_core.package_identification:_identify(src) by extensions ['colcon_pkg']
[1.241s] Level 1:colcon.colcon_core.package_identification:_identify(src) by extension 'colcon_pkg'
[1.241s] Level 1:colcon.colcon_core.package_identification:_identify(src) by extensions ['colcon_meta']
[1.241s] Level 1:colcon.colcon_core.package_identification:_identify(src) by extension 'colcon_meta'
[1.241s] Level 1:colcon.colcon_core.package_identification:_identify(src) by extensions ['ros']
[1.241s] Level 1:colcon.colcon_core.package_identification:_identify(src) by extension 'ros'
[1.242s] Level 1:colcon.colcon_core.package_identification:_identify(src) by extensions ['cmake', 'python']
[1.242s] Level 1:colcon.colcon_core.package_identification:_identify(src) by extension 'cmake'
[1.242s] Level 1:colcon.colcon_core.package_identification:_identify(src) by extension 'python'
[1.242s] Level 1:colcon.colcon_core.package_identification:_identify(src) by extensions ['python_setup_py']
[1.242s] Level 1:colcon.colcon_core.package_identification:_identify(src) by extension 'python_setup_py'
[1.242s] Level 1:colcon.colcon_core.package_identification:_identify(src/my_package) by extensions ['ignore', 'ignore_ament_install']
[1.242s] Level 1:colcon.colcon_core.package_identification:_identify(src/my_package) by extension 'ignore'
[1.242s] Level 1:colcon.colcon_core.package_identification:_identify(src/my_package) by extension 'ignore_ament_install'
[1.242s] Level 1:colcon.colcon_core.package_identification:_identify(src/my_package) by extensions ['colcon_pkg']
[1.242s] Level 1:colcon.colcon_core.package_identification:_identify(src/my_package) by extension 'colcon_pkg'
[1.242s] Level 1:colcon.colcon_core.package_identification:_identify(src/my_package) by extensions ['colcon_meta']
[1.242s] Level 1:colcon.colcon_core.package_identification:_identify(src/my_package) by extension 'colcon_meta'
[1.242s] Level 1:colcon.colcon_core.package_identification:_identify(src/my_package) by extensions ['ros']
[1.242s] Level 1:colcon.colcon_core.package_identification:_identify(src/my_package) by extension 'ros'
[1.257s] DEBUG:colcon.colcon_core.package_identification:Package 'src/my_package' with type 'ros.ament_python' and name 'my_package'
[1.258s] Level 1:colcon.colcon_core.package_identification:_identify(src/onshape-to-robot-examples) by extensions ['ignore', 'ignore_ament_install']
[1.258s] Level 1:colcon.colcon_core.package_identification:_identify(src/onshape-to-robot-examples) by extension 'ignore'
[1.258s] Level 1:colcon.colcon_core.package_identification:_identify(src/onshape-to-robot-examples) by extension 'ignore_ament_install'
[1.258s] Level 1:colcon.colcon_core.package_identification:_identify(src/onshape-to-robot-examples) by extensions ['colcon_pkg']
[1.258s] Level 1:colcon.colcon_core.package_identification:_identify(src/onshape-to-robot-examples) by extension 'colcon_pkg'
[1.258s] Level 1:colcon.colcon_core.package_identification:_identify(src/onshape-to-robot-examples) by extensions ['colcon_meta']
[1.258s] Level 1:colcon.colcon_core.package_identification:_identify(src/onshape-to-robot-examples) by extension 'colcon_meta'
[1.258s] Level 1:colcon.colcon_core.package_identification:_identify(src/onshape-to-robot-examples) by extensions ['ros']
[1.259s] Level 1:colcon.colcon_core.package_identification:_identify(src/onshape-to-robot-examples) by extension 'ros'
[1.259s] Level 1:colcon.colcon_core.package_identification:_identify(src/onshape-to-robot-examples) by extensions ['cmake', 'python']
[1.259s] Level 1:colcon.colcon_core.package_identification:_identify(src/onshape-to-robot-examples) by extension 'cmake'
[1.259s] Level 1:colcon.colcon_core.package_identification:_identify(src/onshape-to-robot-examples) by extension 'python'
[1.259s] Level 1:colcon.colcon_core.package_identification:_identify(src/onshape-to-robot-examples) by extensions ['python_setup_py']
[1.259s] Level 1:colcon.colcon_core.package_identification:_identify(src/onshape-to-robot-examples) by extension 'python_setup_py'
[1.259s] Level 1:colcon.colcon_core.package_identification:_identify(src/onshape-to-robot-examples/2wheels) by extensions ['ignore', 'ignore_ament_install']
[1.260s] Level 1:colcon.colcon_core.package_identification:_identify(src/onshape-to-robot-examples/2wheels) by extension 'ignore'
[1.260s] Level 1:colcon.colcon_core.package_identification:_identify(src/onshape-to-robot-examples/2wheels) by extension 'ignore_ament_install'
[1.260s] Level 1:colcon.colcon_core.package_identification:_identify(src/onshape-to-robot-examples/2wheels) by extensions ['colcon_pkg']
[1.260s] Level 1:colcon.colcon_core.package_identification:_identify(src/onshape-to-robot-examples/2wheels) by extension 'colcon_pkg'
[1.260s] Level 1:colcon.colcon_core.package_identification:_identify(src/onshape-to-robot-examples/2wheels) by extensions ['colcon_meta']
[1.260s] Level 1:colcon.colcon_core.package_identification:_identify(src/onshape-to-robot-examples/2wheels) by extension 'colcon_meta'
[1.260s] Level 1:colcon.colcon_core.package_identification:_identify(src/onshape-to-robot-examples/2wheels) by extensions ['ros']
[1.260s] Level 1:colcon.colcon_core.package_identification:_identify(src/onshape-to-robot-examples/2wheels) by extension 'ros'
[1.260s] Level 1:colcon.colcon_core.package_identification:_identify(src/onshape-to-robot-examples/2wheels) by extensions ['cmake', 'python']
[1.260s] Level 1:colcon.colcon_core.package_identification:_identify(src/onshape-to-robot-examples/2wheels) by extension 'cmake'
[1.261s] Level 1:colcon.colcon_core.package_identification:_identify(src/onshape-to-robot-examples/2wheels) by extension 'python'
[1.261s] Level 1:colcon.colcon_core.package_identification:_identify(src/onshape-to-robot-examples/2wheels) by extensions ['python_setup_py']
[1.261s] Level 1:colcon.colcon_core.package_identification:_identify(src/onshape-to-robot-examples/2wheels) by extension 'python_setup_py'
[1.261s] Level 1:colcon.colcon_core.package_identification:_identify(src/onshape-to-robot-examples/adjustable_height_arm) by extensions ['ignore', 'ignore_ament_install']
[1.261s] Level 1:colcon.colcon_core.package_identification:_identify(src/onshape-to-robot-examples/adjustable_height_arm) by extension 'ignore'
[1.261s] Level 1:colcon.colcon_core.package_identification:_identify(src/onshape-to-robot-examples/adjustable_height_arm) by extension 'ignore_ament_install'
[1.261s] Level 1:colcon.colcon_core.package_identification:_identify(src/onshape-to-robot-examples/adjustable_height_arm) by extensions ['colcon_pkg']
[1.262s] Level 1:colcon.colcon_core.package_identification:_identify(src/onshape-to-robot-examples/adjustable_height_arm) by extension 'colcon_pkg'
[1.262s] Level 1:colcon.colcon_core.package_identification:_identify(src/onshape-to-robot-examples/adjustable_height_arm) by extensions ['colcon_meta']
[1.262s] Level 1:colcon.colcon_core.package_identification:_identify(src/onshape-to-robot-examples/adjustable_height_arm) by extension 'colcon_meta'
[1.262s] Level 1:colcon.colcon_core.package_identification:_identify(src/onshape-to-robot-examples/adjustable_height_arm) by extensions ['ros']
[1.262s] Level 1:colcon.colcon_core.package_identification:_identify(src/onshape-to-robot-examples/adjustable_height_arm) by extension 'ros'
[1.262s] Level 1:colcon.colcon_core.package_identification:_identify(src/onshape-to-robot-examples/adjustable_height_arm) by extensions ['cmake', 'python']
[1.262s] Level 1:colcon.colcon_core.package_identification:_identify(src/onshape-to-robot-examples/adjustable_height_arm) by extension 'cmake'
[1.263s] Level 1:colcon.colcon_core.package_identification:_identify(src/onshape-to-robot-examples/adjustable_height_arm) by extension 'python'
[1.263s] Level 1:colcon.colcon_core.package_identification:_identify(src/onshape-to-robot-examples/adjustable_height_arm) by extensions ['python_setup_py']
[1.263s] Level 1:colcon.colcon_core.package_identification:_identify(src/onshape-to-robot-examples/adjustable_height_arm) by extension 'python_setup_py'
[1.263s] Level 1:colcon.colcon_core.package_identification:_identify(src/onshape-to-robot-examples/dog) by extensions ['ignore', 'ignore_ament_install']
[1.263s] Level 1:colcon.colcon_core.package_identification:_identify(src/onshape-to-robot-examples/dog) by extension 'ignore'
[1.264s] Level 1:colcon.colcon_core.package_identification:_identify(src/onshape-to-robot-examples/dog) by extension 'ignore_ament_install'
[1.264s] Level 1:colcon.colcon_core.package_identification:_identify(src/onshape-to-robot-examples/dog) by extensions ['colcon_pkg']
[1.264s] Level 1:colcon.colcon_core.package_identification:_identify(src/onshape-to-robot-examples/dog) by extension 'colcon_pkg'
[1.264s] Level 1:colcon.colcon_core.package_identification:_identify(src/onshape-to-robot-examples/dog) by extensions ['colcon_meta']
[1.264s] Level 1:colcon.colcon_core.package_identification:_identify(src/onshape-to-robot-examples/dog) by extension 'colcon_meta'
[1.264s] Level 1:colcon.colcon_core.package_identification:_identify(src/onshape-to-robot-examples/dog) by extensions ['ros']
[1.264s] Level 1:colcon.colcon_core.package_identification:_identify(src/onshape-to-robot-examples/dog) by extension 'ros'
[1.265s] Level 1:colcon.colcon_core.package_identification:_identify(src/onshape-to-robot-examples/dog) by extensions ['cmake', 'python']
[1.265s] Level 1:colcon.colcon_core.package_identification:_identify(src/onshape-to-robot-examples/dog) by extension 'cmake'
[1.265s] Level 1:colcon.colcon_core.package_identification:_identify(src/onshape-to-robot-examples/dog) by extension 'python'
[1.265s] Level 1:colcon.colcon_core.package_identification:_identify(src/onshape-to-robot-examples/dog) by extensions ['python_setup_py']
[1.265s] Level 1:colcon.colcon_core.package_identification:_identify(src/onshape-to-robot-examples/dog) by extension 'python_setup_py'
[1.265s] Level 1:colcon.colcon_core.package_identification:_identify(src/onshape-to-robot-examples/field) by extensions ['ignore', 'ignore_ament_install']
[1.266s] Level 1:colcon.colcon_core.package_identification:_identify(src/onshape-to-robot-examples/field) by extension 'ignore'
[1.266s] Level 1:colcon.colcon_core.package_identification:_identify(src/onshape-to-robot-examples/field) by extension 'ignore_ament_install'
[1.266s] Level 1:colcon.colcon_core.package_identification:_identify(src/onshape-to-robot-examples/field) by extensions ['colcon_pkg']
[1.266s] Level 1:colcon.colcon_core.package_identification:_identify(src/onshape-to-robot-examples/field) by extension 'colcon_pkg'
[1.266s] Level 1:colcon.colcon_core.package_identification:_identify(src/onshape-to-robot-examples/field) by extensions ['colcon_meta']
[1.266s] Level 1:colcon.colcon_core.package_identification:_identify(src/onshape-to-robot-examples/field) by extension 'colcon_meta'
[1.266s] Level 1:colcon.colcon_core.package_identification:_identify(src/onshape-to-robot-examples/field) by extensions ['ros']
[1.266s] Level 1:colcon.colcon_core.package_identification:_identify(src/onshape-to-robot-examples/field) by extension 'ros'
[1.267s] Level 1:colcon.colcon_core.package_identification:_identify(src/onshape-to-robot-examples/field) by extensions ['cmake', 'python']
[1.267s] Level 1:colcon.colcon_core.package_identification:_identify(src/onshape-to-robot-examples/field) by extension 'cmake'
[1.267s] Level 1:colcon.colcon_core.package_identification:_identify(src/onshape-to-robot-examples/field) by extension 'python'
[1.267s] Level 1:colcon.colcon_core.package_identification:_identify(src/onshape-to-robot-examples/field) by extensions ['python_setup_py']
[1.267s] Level 1:colcon.colcon_core.package_identification:_identify(src/onshape-to-robot-examples/field) by extension 'python_setup_py'
[1.267s] Level 1:colcon.colcon_core.package_identification:_identify(src/onshape-to-robot-examples/omnidirectional) by extensions ['ignore', 'ignore_ament_install']
[1.267s] Level 1:colcon.colcon_core.package_identification:_identify(src/onshape-to-robot-examples/omnidirectional) by extension 'ignore'
[1.268s] Level 1:colcon.colcon_core.package_identification:_identify(src/onshape-to-robot-examples/omnidirectional) by extension 'ignore_ament_install'
[1.268s] Level 1:colcon.colcon_core.package_identification:_identify(src/onshape-to-robot-examples/omnidirectional) by extensions ['colcon_pkg']
[1.268s] Level 1:colcon.colcon_core.package_identification:_identify(src/onshape-to-robot-examples/omnidirectional) by extension 'colcon_pkg'
[1.268s] Level 1:colcon.colcon_core.package_identification:_identify(src/onshape-to-robot-examples/omnidirectional) by extensions ['colcon_meta']
[1.268s] Level 1:colcon.colcon_core.package_identification:_identify(src/onshape-to-robot-examples/omnidirectional) by extension 'colcon_meta'
[1.268s] Level 1:colcon.colcon_core.package_identification:_identify(src/onshape-to-robot-examples/omnidirectional) by extensions ['ros']
[1.268s] Level 1:colcon.colcon_core.package_identification:_identify(src/onshape-to-robot-examples/omnidirectional) by extension 'ros'
[1.268s] Level 1:colcon.colcon_core.package_identification:_identify(src/onshape-to-robot-examples/omnidirectional) by extensions ['cmake', 'python']
[1.268s] Level 1:colcon.colcon_core.package_identification:_identify(src/onshape-to-robot-examples/omnidirectional) by extension 'cmake'
[1.269s] Level 1:colcon.colcon_core.package_identification:_identify(src/onshape-to-robot-examples/omnidirectional) by extension 'python'
[1.269s] Level 1:colcon.colcon_core.package_identification:_identify(src/onshape-to-robot-examples/omnidirectional) by extensions ['python_setup_py']
[1.269s] Level 1:colcon.colcon_core.package_identification:_identify(src/onshape-to-robot-examples/omnidirectional) by extension 'python_setup_py'
[1.269s] Level 1:colcon.colcon_core.package_identification:_identify(src/onshape-to-robot-examples/quadruped) by extensions ['ignore', 'ignore_ament_install']
[1.269s] Level 1:colcon.colcon_core.package_identification:_identify(src/onshape-to-robot-examples/quadruped) by extension 'ignore'
[1.269s] Level 1:colcon.colcon_core.package_identification:_identify(src/onshape-to-robot-examples/quadruped) by extension 'ignore_ament_install'
[1.269s] Level 1:colcon.colcon_core.package_identification:_identify(src/onshape-to-robot-examples/quadruped) by extensions ['colcon_pkg']
[1.269s] Level 1:colcon.colcon_core.package_identification:_identify(src/onshape-to-robot-examples/quadruped) by extension 'colcon_pkg'
[1.269s] Level 1:colcon.colcon_core.package_identification:_identify(src/onshape-to-robot-examples/quadruped) by extensions ['colcon_meta']
[1.270s] Level 1:colcon.colcon_core.package_identification:_identify(src/onshape-to-robot-examples/quadruped) by extension 'colcon_meta'
[1.270s] Level 1:colcon.colcon_core.package_identification:_identify(src/onshape-to-robot-examples/quadruped) by extensions ['ros']
[1.270s] Level 1:colcon.colcon_core.package_identification:_identify(src/onshape-to-robot-examples/quadruped) by extension 'ros'
[1.270s] Level 1:colcon.colcon_core.package_identification:_identify(src/onshape-to-robot-examples/quadruped) by extensions ['cmake', 'python']
[1.270s] Level 1:colcon.colcon_core.package_identification:_identify(src/onshape-to-robot-examples/quadruped) by extension 'cmake'
[1.270s] Level 1:colcon.colcon_core.package_identification:_identify(src/onshape-to-robot-examples/quadruped) by extension 'python'
[1.270s] Level 1:colcon.colcon_core.package_identification:_identify(src/onshape-to-robot-examples/quadruped) by extensions ['python_setup_py']
[1.270s] Level 1:colcon.colcon_core.package_identification:_identify(src/onshape-to-robot-examples/quadruped) by extension 'python_setup_py'
[1.270s] Level 1:colcon.colcon_core.package_identification:_identify(src/onshape-to-robot-examples/sigmaban2019) by extensions ['ignore', 'ignore_ament_install']
[1.271s] Level 1:colcon.colcon_core.package_identification:_identify(src/onshape-to-robot-examples/sigmaban2019) by extension 'ignore'
[1.271s] Level 1:colcon.colcon_core.package_identification:_identify(src/onshape-to-robot-examples/sigmaban2019) by extension 'ignore_ament_install'
[1.271s] Level 1:colcon.colcon_core.package_identification:_identify(src/onshape-to-robot-examples/sigmaban2019) by extensions ['colcon_pkg']
[1.271s] Level 1:colcon.colcon_core.package_identification:_identify(src/onshape-to-robot-examples/sigmaban2019) by extension 'colcon_pkg'
[1.271s] Level 1:colcon.colcon_core.package_identification:_identify(src/onshape-to-robot-examples/sigmaban2019) by extensions ['colcon_meta']
[1.271s] Level 1:colcon.colcon_core.package_identification:_identify(src/onshape-to-robot-examples/sigmaban2019) by extension 'colcon_meta'
[1.271s] Level 1:colcon.colcon_core.package_identification:_identify(src/onshape-to-robot-examples/sigmaban2019) by extensions ['ros']
[1.271s] Level 1:colcon.colcon_core.package_identification:_identify(src/onshape-to-robot-examples/sigmaban2019) by extension 'ros'
[1.271s] Level 1:colcon.colcon_core.package_identification:_identify(src/onshape-to-robot-examples/sigmaban2019) by extensions ['cmake', 'python']
[1.271s] Level 1:colcon.colcon_core.package_identification:_identify(src/onshape-to-robot-examples/sigmaban2019) by extension 'cmake'
[1.271s] Level 1:colcon.colcon_core.package_identification:_identify(src/onshape-to-robot-examples/sigmaban2019) by extension 'python'
[1.271s] Level 1:colcon.colcon_core.package_identification:_identify(src/onshape-to-robot-examples/sigmaban2019) by extensions ['python_setup_py']
[1.271s] Level 1:colcon.colcon_core.package_identification:_identify(src/onshape-to-robot-examples/sigmaban2019) by extension 'python_setup_py'
[1.271s] Level 1:colcon.colcon_core.package_discovery:discover_packages(recursive) using defaults
[1.272s] Level 1:colcon.colcon_core.package_discovery:discover_packages(ignore) discover
[1.272s] Level 1:colcon.colcon_core.package_discovery:discover_packages(ignore) using defaults
[1.272s] Level 1:colcon.colcon_core.package_discovery:discover_packages(path) discover
[1.272s] Level 1:colcon.colcon_core.package_discovery:discover_packages(path) using defaults
[1.373s] Level 1:colcon.colcon_core.package_discovery:discover_packages(prefix_path) check parameters
[1.374s] Level 1:colcon.colcon_core.package_discovery:discover_packages(prefix_path) discover
[1.380s] DEBUG:colcon.colcon_installed_package_information.package_discovery:Found 1 installed packages in /home/lucas/Desktop/RoboFEI/IC/ros2/sigmaban_ws/install
[1.384s] DEBUG:colcon.colcon_installed_package_information.package_discovery:Found 291 installed packages in /opt/ros/foxy
[1.389s] Level 1:colcon.colcon_core.package_discovery:discover_packages(prefix_path) using defaults
[2.070s] Level 5:colcon.colcon_core.verb:set package 'my_package' build argument 'cmake_args' from command line to 'None'
[2.070s] Level 5:colcon.colcon_core.verb:set package 'my_package' build argument 'cmake_target' from command line to 'None'
[2.070s] Level 5:colcon.colcon_core.verb:set package 'my_package' build argument 'cmake_target_skip_unavailable' from command line to 'False'
[2.070s] Level 5:colcon.colcon_core.verb:set package 'my_package' build argument 'cmake_clean_cache' from command line to 'False'
[2.070s] Level 5:colcon.colcon_core.verb:set package 'my_package' build argument 'cmake_clean_first' from command line to 'False'
[2.070s] Level 5:colcon.colcon_core.verb:set package 'my_package' build argument 'cmake_force_configure' from command line to 'False'
[2.070s] Level 5:colcon.colcon_core.verb:set package 'my_package' build argument 'ament_cmake_args' from command line to 'None'
[2.070s] Level 5:colcon.colcon_core.verb:set package 'my_package' build argument 'catkin_cmake_args' from command line to 'None'
[2.070s] Level 5:colcon.colcon_core.verb:set package 'my_package' build argument 'catkin_skip_building_tests' from command line to 'False'
[2.070s] DEBUG:colcon.colcon_core.verb:Building package 'my_package' with the following arguments: {'ament_cmake_args': None, 'build_base': '/home/lucas/Desktop/RoboFEI/IC/ros2/sigmaban_ws/build/my_package', 'catkin_cmake_args': None, 'catkin_skip_building_tests': False, 'cmake_args': None, 'cmake_clean_cache': False, 'cmake_clean_first': False, 'cmake_force_configure': False, 'cmake_target': None, 'cmake_target_skip_unavailable': False, 'install_base': '/home/lucas/Desktop/RoboFEI/IC/ros2/sigmaban_ws/install/my_package', 'merge_install': False, 'path': '/home/lucas/Desktop/RoboFEI/IC/ros2/sigmaban_ws/src/my_package', 'symlink_install': True, 'test_result_base': None}
[2.071s] INFO:colcon.colcon_core.executor:Executing jobs using 'parallel' executor
[2.072s] DEBUG:colcon.colcon_parallel_executor.executor.parallel:run_until_complete
[2.072s] INFO:colcon.colcon_ros.task.ament_python.build:Building ROS package in '/home/lucas/Desktop/RoboFEI/IC/ros2/sigmaban_ws/src/my_package' with build type 'ament_python'
[2.073s] Level 1:colcon.colcon_core.shell:create_environment_hook('my_package', 'ament_prefix_path')
[2.138s] INFO:colcon.colcon_core.plugin_system:Skipping extension 'colcon_core.shell.bat': Not used on non-Windows systems
[2.139s] INFO:colcon.colcon_core.shell:Creating environment hook '/home/lucas/Desktop/RoboFEI/IC/ros2/sigmaban_ws/install/my_package/share/my_package/hook/ament_prefix_path.ps1'
[2.156s] INFO:colcon.colcon_core.shell:Creating environment descriptor '/home/lucas/Desktop/RoboFEI/IC/ros2/sigmaban_ws/install/my_package/share/my_package/hook/ament_prefix_path.dsv'
[2.164s] INFO:colcon.colcon_core.shell:Creating environment hook '/home/lucas/Desktop/RoboFEI/IC/ros2/sigmaban_ws/install/my_package/share/my_package/hook/ament_prefix_path.sh'
[2.166s] INFO:colcon.colcon_core.shell:Skip shell extension 'powershell' for command environment: Not usable outside of PowerShell
[2.166s] DEBUG:colcon.colcon_core.shell:Skip shell extension 'dsv' for command environment
[2.534s] INFO:colcon.colcon_core.task.python.build:Building Python package in '/home/lucas/Desktop/RoboFEI/IC/ros2/sigmaban_ws/src/my_package'
[2.535s] INFO:colcon.colcon_core.shell:Skip shell extension 'powershell' for command environment: Not usable outside of PowerShell
[2.535s] DEBUG:colcon.colcon_core.shell:Skip shell extension 'dsv' for command environment
[3.711s] DEBUG:colcon.colcon_core.task.python.build:While undoing a previous installation files outside the Python library path are being ignored: /home/lucas/Desktop/RoboFEI/IC/ros2/sigmaban_ws/install/my_package/share/ament_index/resource_index/packages/my_package
[3.711s] DEBUG:colcon.colcon_core.task.python.build:While undoing a previous installation files outside the Python library path are being ignored: /home/lucas/Desktop/RoboFEI/IC/ros2/sigmaban_ws/install/my_package/share/my_package/launch/robot_launch.py
[3.711s] DEBUG:colcon.colcon_core.task.python.build:While undoing a previous installation files outside the Python library path are being ignored: /home/lucas/Desktop/RoboFEI/IC/ros2/sigmaban_ws/install/my_package/share/my_package/worlds/my_world.wbt
[3.712s] DEBUG:colcon.colcon_core.task.python.build:While undoing a previous installation files outside the Python library path are being ignored: /home/lucas/Desktop/RoboFEI/IC/ros2/sigmaban_ws/install/my_package/share/my_package/resource/my_robot.urdf
[3.712s] DEBUG:colcon.colcon_core.task.python.build:While undoing a previous installation files outside the Python library path are being ignored: /home/lucas/Desktop/RoboFEI/IC/ros2/sigmaban_ws/install/my_package/share/my_package/protos/robot.urdf
[3.712s] DEBUG:colcon.colcon_core.task.python.build:While undoing a previous installation files outside the Python library path are being ignored: /home/lucas/Desktop/RoboFEI/IC/ros2/sigmaban_ws/install/my_package/share/my_package/protos/body.stl
[3.712s] DEBUG:colcon.colcon_core.task.python.build:While undoing a previous installation files outside the Python library path are being ignored: /home/lucas/Desktop/RoboFEI/IC/ros2/sigmaban_ws/install/my_package/share/my_package/protos/wheel.stl
[3.712s] DEBUG:colcon.colcon_core.task.python.build:While undoing a previous installation files outside the Python library path are being ignored: /home/lucas/Desktop/RoboFEI/IC/ros2/sigmaban_ws/install/my_package/share/my_package/package.xml
[3.712s] DEBUG:colcon.colcon_core.task.python.build:While undoing a previous installation files outside the Python library path are being ignored: /home/lucas/Desktop/RoboFEI/IC/ros2/sigmaban_ws/install/my_package/lib/my_package/my_robot_driver
[3.713s] DEBUG:colcon.colcon_core.task.python.build:While undoing a previous installation files outside the Python library path are being ignored: /home/lucas/Desktop/RoboFEI/IC/ros2/sigmaban_ws/install/my_package/lib/my_package/obstacle_avoider
[3.724s] DEBUG:colcon.colcon_core.event_handler.log_command:Invoking command in '/home/lucas/Desktop/RoboFEI/IC/ros2/sigmaban_ws/build/my_package': PYTHONPATH=/home/lucas/Desktop/RoboFEI/IC/ros2/sigmaban_ws/build/my_package/prefix_override:/home/lucas/Desktop/RoboFEI/IC/ros2/sigmaban_ws/install/my_package/lib/python3.8/site-packages:${PYTHONPATH} /usr/bin/python3 -W ignore:setup.py install is deprecated setup.py develop --editable --build-directory /home/lucas/Desktop/RoboFEI/IC/ros2/sigmaban_ws/build/my_package/build --no-deps symlink_data --force
[4.454s] Level 1:colcon.colcon_core.shell:create_environment_hook('my_package', 'pythonpath_develop')
[4.454s] INFO:colcon.colcon_core.shell:Creating environment hook '/home/lucas/Desktop/RoboFEI/IC/ros2/sigmaban_ws/build/my_package/share/my_package/hook/pythonpath_develop.ps1'
[4.456s] DEBUG:colcon.colcon_core.event_handler.log_command:Invoked command in '/home/lucas/Desktop/RoboFEI/IC/ros2/sigmaban_ws/build/my_package' returned '0': PYTHONPATH=/home/lucas/Desktop/RoboFEI/IC/ros2/sigmaban_ws/build/my_package/prefix_override:/home/lucas/Desktop/RoboFEI/IC/ros2/sigmaban_ws/install/my_package/lib/python3.8/site-packages:${PYTHONPATH} /usr/bin/python3 -W ignore:setup.py install is deprecated setup.py develop --editable --build-directory /home/lucas/Desktop/RoboFEI/IC/ros2/sigmaban_ws/build/my_package/build --no-deps symlink_data --force
[4.457s] INFO:colcon.colcon_core.shell:Creating environment descriptor '/home/lucas/Desktop/RoboFEI/IC/ros2/sigmaban_ws/build/my_package/share/my_package/hook/pythonpath_develop.dsv'
[4.457s] INFO:colcon.colcon_core.shell:Creating environment hook '/home/lucas/Desktop/RoboFEI/IC/ros2/sigmaban_ws/build/my_package/share/my_package/hook/pythonpath_develop.sh'
[4.520s] Level 1:colcon.colcon_core.environment:checking '/home/lucas/Desktop/RoboFEI/IC/ros2/sigmaban_ws/install/my_package' for CMake module files
[4.522s] Level 1:colcon.colcon_core.environment:checking '/home/lucas/Desktop/RoboFEI/IC/ros2/sigmaban_ws/install/my_package' for CMake config files
[4.524s] Level 1:colcon.colcon_core.environment:checking '/home/lucas/Desktop/RoboFEI/IC/ros2/sigmaban_ws/install/my_package/lib'
[4.524s] Level 1:colcon.colcon_core.environment:checking '/home/lucas/Desktop/RoboFEI/IC/ros2/sigmaban_ws/install/my_package/bin'
[4.525s] Level 1:colcon.colcon_core.environment:checking '/home/lucas/Desktop/RoboFEI/IC/ros2/sigmaban_ws/install/my_package/lib/pkgconfig/my_package.pc'
[4.525s] Level 1:colcon.colcon_core.environment:checking '/home/lucas/Desktop/RoboFEI/IC/ros2/sigmaban_ws/install/my_package/lib/python3.8/site-packages'
[4.525s] Level 1:colcon.colcon_core.shell:create_environment_hook('my_package', 'pythonpath')
[4.526s] INFO:colcon.colcon_core.shell:Creating environment hook '/home/lucas/Desktop/RoboFEI/IC/ros2/sigmaban_ws/install/my_package/share/my_package/hook/pythonpath.ps1'
[4.527s] INFO:colcon.colcon_core.shell:Creating environment descriptor '/home/lucas/Desktop/RoboFEI/IC/ros2/sigmaban_ws/install/my_package/share/my_package/hook/pythonpath.dsv'
[4.528s] INFO:colcon.colcon_core.shell:Creating environment hook '/home/lucas/Desktop/RoboFEI/IC/ros2/sigmaban_ws/install/my_package/share/my_package/hook/pythonpath.sh'
[4.529s] Level 1:colcon.colcon_core.environment:checking '/home/lucas/Desktop/RoboFEI/IC/ros2/sigmaban_ws/install/my_package/bin'
[4.529s] Level 1:colcon.colcon_core.environment:create_environment_scripts_only(my_package)
[4.530s] INFO:colcon.colcon_core.shell:Creating package script '/home/lucas/Desktop/RoboFEI/IC/ros2/sigmaban_ws/install/my_package/share/my_package/package.ps1'
[4.539s] INFO:colcon.colcon_core.shell:Creating package descriptor '/home/lucas/Desktop/RoboFEI/IC/ros2/sigmaban_ws/install/my_package/share/my_package/package.dsv'
[4.549s] INFO:colcon.colcon_core.shell:Creating package script '/home/lucas/Desktop/RoboFEI/IC/ros2/sigmaban_ws/install/my_package/share/my_package/package.sh'
[4.552s] INFO:colcon.colcon_core.shell:Creating package script '/home/lucas/Desktop/RoboFEI/IC/ros2/sigmaban_ws/install/my_package/share/my_package/package.bash'
[4.567s] INFO:colcon.colcon_core.shell:Creating package script '/home/lucas/Desktop/RoboFEI/IC/ros2/sigmaban_ws/install/my_package/share/my_package/package.zsh'
[4.570s] Level 1:colcon.colcon_core.environment:create_file_with_runtime_dependencies(/home/lucas/Desktop/RoboFEI/IC/ros2/sigmaban_ws/install/my_package/share/colcon-core/packages/my_package)
[4.571s] DEBUG:colcon.colcon_parallel_executor.executor.parallel:closing loop
[4.572s] DEBUG:colcon.colcon_parallel_executor.executor.parallel:loop closed
[4.573s] DEBUG:colcon.colcon_parallel_executor.executor.parallel:run_until_complete finished with '0'
[4.573s] DEBUG:colcon.colcon_core.event_reactor:joining thread
[4.592s] INFO:colcon.colcon_core.plugin_system:Skipping extension 'colcon_notification.desktop_notification.terminal_notifier': Not used on non-Darwin systems
[4.592s] INFO:colcon.colcon_core.plugin_system:Skipping extension 'colcon_notification.desktop_notification.win32': Not used on non-Windows systems
[4.592s] INFO:colcon.colcon_notification.desktop_notification:Sending desktop notification using 'notify2'
[4.623s] DEBUG:colcon.colcon_core.event_reactor:joined thread
[4.623s] INFO:colcon.colcon_core.shell:Creating prefix script '/home/lucas/Desktop/RoboFEI/IC/ros2/sigmaban_ws/install/local_setup.ps1'
[4.625s] INFO:colcon.colcon_core.shell:Creating prefix util module '/home/lucas/Desktop/RoboFEI/IC/ros2/sigmaban_ws/install/_local_setup_util_ps1.py'
[4.629s] INFO:colcon.colcon_core.shell:Creating prefix chain script '/home/lucas/Desktop/RoboFEI/IC/ros2/sigmaban_ws/install/setup.ps1'
[4.631s] INFO:colcon.colcon_core.shell:Creating prefix script '/home/lucas/Desktop/RoboFEI/IC/ros2/sigmaban_ws/install/local_setup.sh'
[4.633s] INFO:colcon.colcon_core.shell:Creating prefix util module '/home/lucas/Desktop/RoboFEI/IC/ros2/sigmaban_ws/install/_local_setup_util_sh.py'
[4.633s] INFO:colcon.colcon_core.shell:Creating prefix chain script '/home/lucas/Desktop/RoboFEI/IC/ros2/sigmaban_ws/install/setup.sh'
[4.635s] INFO:colcon.colcon_core.shell:Creating prefix script '/home/lucas/Desktop/RoboFEI/IC/ros2/sigmaban_ws/install/local_setup.bash'
[4.636s] INFO:colcon.colcon_core.shell:Creating prefix chain script '/home/lucas/Desktop/RoboFEI/IC/ros2/sigmaban_ws/install/setup.bash'
[4.638s] INFO:colcon.colcon_core.shell:Creating prefix script '/home/lucas/Desktop/RoboFEI/IC/ros2/sigmaban_ws/install/local_setup.zsh'
[4.641s] INFO:colcon.colcon_core.shell:Creating prefix chain script '/home/lucas/Desktop/RoboFEI/IC/ros2/sigmaban_ws/install/setup.zsh'
