/home/lucas/Desktop/RoboFEI/IC/sigmaban_ws/install/my_package/lib/python3.8/site-packages/my_package/obstacle_avoider.py
/home/lucas/Desktop/RoboFEI/IC/sigmaban_ws/install/my_package/lib/python3.8/site-packages/my_package/__init__.py
/home/lucas/Desktop/RoboFEI/IC/sigmaban_ws/install/my_package/lib/python3.8/site-packages/my_package/my_robot_driver.py
/home/lucas/Desktop/RoboFEI/IC/sigmaban_ws/install/my_package/lib/python3.8/site-packages/my_package/__pycache__/obstacle_avoider.cpython-38.pyc
/home/lucas/Desktop/RoboFEI/IC/sigmaban_ws/install/my_package/lib/python3.8/site-packages/my_package/__pycache__/__init__.cpython-38.pyc
/home/lucas/Desktop/RoboFEI/IC/sigmaban_ws/install/my_package/lib/python3.8/site-packages/my_package/__pycache__/my_robot_driver.cpython-38.pyc
/home/lucas/Desktop/RoboFEI/IC/sigmaban_ws/install/my_package/share/ament_index/resource_index/packages/my_package
/home/lucas/Desktop/RoboFEI/IC/sigmaban_ws/install/my_package/share/my_package/launch/robot_launch.py
/home/lucas/Desktop/RoboFEI/IC/sigmaban_ws/install/my_package/share/my_package/worlds/my_world.wbt
/home/lucas/Desktop/RoboFEI/IC/sigmaban_ws/install/my_package/share/my_package/resource/my_robot.urdf
/home/lucas/Desktop/RoboFEI/IC/sigmaban_ws/install/my_package/share/my_package/protos/Onshape.proto
/home/lucas/Desktop/RoboFEI/IC/sigmaban_ws/install/my_package/share/my_package/package.xml
/home/lucas/Desktop/RoboFEI/IC/sigmaban_ws/install/my_package/lib/python3.8/site-packages/my_package-0.0.0-py3.8.egg-info/PKG-INFO
/home/lucas/Desktop/RoboFEI/IC/sigmaban_ws/install/my_package/lib/python3.8/site-packages/my_package-0.0.0-py3.8.egg-info/top_level.txt
/home/lucas/Desktop/RoboFEI/IC/sigmaban_ws/install/my_package/lib/python3.8/site-packages/my_package-0.0.0-py3.8.egg-info/SOURCES.txt
/home/lucas/Desktop/RoboFEI/IC/sigmaban_ws/install/my_package/lib/python3.8/site-packages/my_package-0.0.0-py3.8.egg-info/requires.txt
/home/lucas/Desktop/RoboFEI/IC/sigmaban_ws/install/my_package/lib/python3.8/site-packages/my_package-0.0.0-py3.8.egg-info/zip-safe
/home/lucas/Desktop/RoboFEI/IC/sigmaban_ws/install/my_package/lib/python3.8/site-packages/my_package-0.0.0-py3.8.egg-info/dependency_links.txt
/home/lucas/Desktop/RoboFEI/IC/sigmaban_ws/install/my_package/lib/python3.8/site-packages/my_package-0.0.0-py3.8.egg-info/entry_points.txt
/home/lucas/Desktop/RoboFEI/IC/sigmaban_ws/install/my_package/lib/my_package/my_robot_driver
/home/lucas/Desktop/RoboFEI/IC/sigmaban_ws/install/my_package/lib/my_package/obstacle_avoider
