[0.277s] DEBUG:colcon:Command line arguments: ['/usr/bin/colcon', 'build', '--packages-select', 'my_package']
[0.277s] DEBUG:colcon:Parsed command line arguments: Namespace(allow_overriding=[], ament_cmake_args=None, base_paths=['.'], build_base='build', catkin_cmake_args=None, catkin_skip_building_tests=False, cmake_args=None, cmake_clean_cache=False, cmake_clean_first=False, cmake_force_configure=False, cmake_target=None, cmake_target_skip_unavailable=False, continue_on_error=False, event_handlers=None, executor='parallel', ignore_user_meta=False, install_base='install', log_base=None, log_level=None, main=<bound method BuildVerb.main of <colcon_core.verb.build.BuildVerb object at 0x7fa37b068130>>, merge_install=False, metas=['./colcon.meta'], packages_above=None, packages_above_and_dependencies=None, packages_above_depth=None, packages_end=None, packages_ignore=None, packages_ignore_regex=None, packages_select=['my_package'], packages_select_build_failed=False, packages_select_by_dep=None, packages_select_regex=None, packages_select_test_failures=False, packages_skip=None, packages_skip_build_finished=False, packages_skip_by_dep=None, packages_skip_regex=None, packages_skip_test_passed=False, packages_skip_up_to=None, packages_start=None, packages_up_to=None, packages_up_to_regex=None, parallel_workers=6, paths=None, symlink_install=False, test_result_base=None, verb_extension=<colcon_core.verb.build.BuildVerb object at 0x7fa37b068130>, verb_name='build', verb_parser=<colcon_defaults.argument_parser.defaults.DefaultArgumentsDecorator object at 0x7fa37af11b20>)
[0.497s] Level 1:colcon.colcon_core.package_discovery:discover_packages(colcon_meta) check parameters
[0.497s] Level 1:colcon.colcon_core.package_discovery:discover_packages(recursive) check parameters
[0.497s] Level 1:colcon.colcon_core.package_discovery:discover_packages(ignore) check parameters
[0.497s] Level 1:colcon.colcon_core.package_discovery:discover_packages(path) check parameters
[0.497s] Level 1:colcon.colcon_core.package_discovery:discover_packages(colcon_meta) discover
[0.497s] Level 1:colcon.colcon_core.package_discovery:discover_packages(recursive) discover
[0.497s] INFO:colcon.colcon_core.package_discovery:Crawling recursively for packages in '/home/lucas/Desktop/RoboFEI/IC/ros2/sigmaban_ws'
[0.497s] Level 1:colcon.colcon_core.package_identification:_identify(.) by extensions ['ignore', 'ignore_ament_install']
[0.498s] Level 1:colcon.colcon_core.package_identification:_identify(.) by extension 'ignore'
[0.498s] Level 1:colcon.colcon_core.package_identification:_identify(.) by extension 'ignore_ament_install'
[0.498s] Level 1:colcon.colcon_core.package_identification:_identify(.) by extensions ['colcon_pkg']
[0.498s] Level 1:colcon.colcon_core.package_identification:_identify(.) by extension 'colcon_pkg'
[0.498s] Level 1:colcon.colcon_core.package_identification:_identify(.) by extensions ['colcon_meta']
[0.498s] Level 1:colcon.colcon_core.package_identification:_identify(.) by extension 'colcon_meta'
[0.498s] Level 1:colcon.colcon_core.package_identification:_identify(.) by extensions ['ros']
[0.498s] Level 1:colcon.colcon_core.package_identification:_identify(.) by extension 'ros'
[0.532s] Level 1:colcon.colcon_core.package_identification:_identify(.) by extensions ['cmake', 'python']
[0.532s] Level 1:colcon.colcon_core.package_identification:_identify(.) by extension 'cmake'
[0.532s] Level 1:colcon.colcon_core.package_identification:_identify(.) by extension 'python'
[0.532s] Level 1:colcon.colcon_core.package_identification:_identify(.) by extensions ['python_setup_py']
[0.532s] Level 1:colcon.colcon_core.package_identification:_identify(.) by extension 'python_setup_py'
[0.532s] Level 1:colcon.colcon_core.package_identification:_identify(build) by extensions ['ignore', 'ignore_ament_install']
[0.533s] Level 1:colcon.colcon_core.package_identification:_identify(build) by extension 'ignore'
[0.533s] Level 1:colcon.colcon_core.package_identification:_identify(build) ignored
[0.533s] Level 1:colcon.colcon_core.package_identification:_identify(install) by extensions ['ignore', 'ignore_ament_install']
[0.533s] Level 1:colcon.colcon_core.package_identification:_identify(install) by extension 'ignore'
[0.533s] Level 1:colcon.colcon_core.package_identification:_identify(install) ignored
[0.533s] Level 1:colcon.colcon_core.package_identification:_identify(log) by extensions ['ignore', 'ignore_ament_install']
[0.533s] Level 1:colcon.colcon_core.package_identification:_identify(log) by extension 'ignore'
[0.533s] Level 1:colcon.colcon_core.package_identification:_identify(log) ignored
[0.533s] Level 1:colcon.colcon_core.package_identification:_identify(src) by extensions ['ignore', 'ignore_ament_install']
[0.534s] Level 1:colcon.colcon_core.package_identification:_identify(src) by extension 'ignore'
[0.534s] Level 1:colcon.colcon_core.package_identification:_identify(src) by extension 'ignore_ament_install'
[0.534s] Level 1:colcon.colcon_core.package_identification:_identify(src) by extensions ['colcon_pkg']
[0.534s] Level 1:colcon.colcon_core.package_identification:_identify(src) by extension 'colcon_pkg'
[0.534s] Level 1:colcon.colcon_core.package_identification:_identify(src) by extensions ['colcon_meta']
[0.534s] Level 1:colcon.colcon_core.package_identification:_identify(src) by extension 'colcon_meta'
[0.534s] Level 1:colcon.colcon_core.package_identification:_identify(src) by extensions ['ros']
[0.534s] Level 1:colcon.colcon_core.package_identification:_identify(src) by extension 'ros'
[0.534s] Level 1:colcon.colcon_core.package_identification:_identify(src) by extensions ['cmake', 'python']
[0.534s] Level 1:colcon.colcon_core.package_identification:_identify(src) by extension 'cmake'
[0.534s] Level 1:colcon.colcon_core.package_identification:_identify(src) by extension 'python'
[0.534s] Level 1:colcon.colcon_core.package_identification:_identify(src) by extensions ['python_setup_py']
[0.534s] Level 1:colcon.colcon_core.package_identification:_identify(src) by extension 'python_setup_py'
[0.535s] Level 1:colcon.colcon_core.package_identification:_identify(src/my_package) by extensions ['ignore', 'ignore_ament_install']
[0.535s] Level 1:colcon.colcon_core.package_identification:_identify(src/my_package) by extension 'ignore'
[0.535s] Level 1:colcon.colcon_core.package_identification:_identify(src/my_package) by extension 'ignore_ament_install'
[0.535s] Level 1:colcon.colcon_core.package_identification:_identify(src/my_package) by extensions ['colcon_pkg']
[0.535s] Level 1:colcon.colcon_core.package_identification:_identify(src/my_package) by extension 'colcon_pkg'
[0.535s] Level 1:colcon.colcon_core.package_identification:_identify(src/my_package) by extensions ['colcon_meta']
[0.535s] Level 1:colcon.colcon_core.package_identification:_identify(src/my_package) by extension 'colcon_meta'
[0.535s] Level 1:colcon.colcon_core.package_identification:_identify(src/my_package) by extensions ['ros']
[0.535s] Level 1:colcon.colcon_core.package_identification:_identify(src/my_package) by extension 'ros'
[0.539s] DEBUG:colcon.colcon_core.package_identification:Package 'src/my_package' with type 'ros.ament_python' and name 'my_package'
[0.539s] Level 1:colcon.colcon_core.package_identification:_identify(src/onshape-to-robot-examples) by extensions ['ignore', 'ignore_ament_install']
[0.539s] Level 1:colcon.colcon_core.package_identification:_identify(src/onshape-to-robot-examples) by extension 'ignore'
[0.539s] Level 1:colcon.colcon_core.package_identification:_identify(src/onshape-to-robot-examples) by extension 'ignore_ament_install'
[0.539s] Level 1:colcon.colcon_core.package_identification:_identify(src/onshape-to-robot-examples) by extensions ['colcon_pkg']
[0.539s] Level 1:colcon.colcon_core.package_identification:_identify(src/onshape-to-robot-examples) by extension 'colcon_pkg'
[0.539s] Level 1:colcon.colcon_core.package_identification:_identify(src/onshape-to-robot-examples) by extensions ['colcon_meta']
[0.539s] Level 1:colcon.colcon_core.package_identification:_identify(src/onshape-to-robot-examples) by extension 'colcon_meta'
[0.539s] Level 1:colcon.colcon_core.package_identification:_identify(src/onshape-to-robot-examples) by extensions ['ros']
[0.539s] Level 1:colcon.colcon_core.package_identification:_identify(src/onshape-to-robot-examples) by extension 'ros'
[0.539s] Level 1:colcon.colcon_core.package_identification:_identify(src/onshape-to-robot-examples) by extensions ['cmake', 'python']
[0.539s] Level 1:colcon.colcon_core.package_identification:_identify(src/onshape-to-robot-examples) by extension 'cmake'
[0.539s] Level 1:colcon.colcon_core.package_identification:_identify(src/onshape-to-robot-examples) by extension 'python'
[0.540s] Level 1:colcon.colcon_core.package_identification:_identify(src/onshape-to-robot-examples) by extensions ['python_setup_py']
[0.540s] Level 1:colcon.colcon_core.package_identification:_identify(src/onshape-to-robot-examples) by extension 'python_setup_py'
[0.540s] Level 1:colcon.colcon_core.package_identification:_identify(src/onshape-to-robot-examples/2wheels) by extensions ['ignore', 'ignore_ament_install']
[0.540s] Level 1:colcon.colcon_core.package_identification:_identify(src/onshape-to-robot-examples/2wheels) by extension 'ignore'
[0.540s] Level 1:colcon.colcon_core.package_identification:_identify(src/onshape-to-robot-examples/2wheels) by extension 'ignore_ament_install'
[0.540s] Level 1:colcon.colcon_core.package_identification:_identify(src/onshape-to-robot-examples/2wheels) by extensions ['colcon_pkg']
[0.540s] Level 1:colcon.colcon_core.package_identification:_identify(src/onshape-to-robot-examples/2wheels) by extension 'colcon_pkg'
[0.540s] Level 1:colcon.colcon_core.package_identification:_identify(src/onshape-to-robot-examples/2wheels) by extensions ['colcon_meta']
[0.540s] Level 1:colcon.colcon_core.package_identification:_identify(src/onshape-to-robot-examples/2wheels) by extension 'colcon_meta'
[0.540s] Level 1:colcon.colcon_core.package_identification:_identify(src/onshape-to-robot-examples/2wheels) by extensions ['ros']
[0.540s] Level 1:colcon.colcon_core.package_identification:_identify(src/onshape-to-robot-examples/2wheels) by extension 'ros'
[0.540s] Level 1:colcon.colcon_core.package_identification:_identify(src/onshape-to-robot-examples/2wheels) by extensions ['cmake', 'python']
[0.540s] Level 1:colcon.colcon_core.package_identification:_identify(src/onshape-to-robot-examples/2wheels) by extension 'cmake'
[0.540s] Level 1:colcon.colcon_core.package_identification:_identify(src/onshape-to-robot-examples/2wheels) by extension 'python'
[0.540s] Level 1:colcon.colcon_core.package_identification:_identify(src/onshape-to-robot-examples/2wheels) by extensions ['python_setup_py']
[0.541s] Level 1:colcon.colcon_core.package_identification:_identify(src/onshape-to-robot-examples/2wheels) by extension 'python_setup_py'
[0.541s] Level 1:colcon.colcon_core.package_identification:_identify(src/onshape-to-robot-examples/adjustable_height_arm) by extensions ['ignore', 'ignore_ament_install']
[0.541s] Level 1:colcon.colcon_core.package_identification:_identify(src/onshape-to-robot-examples/adjustable_height_arm) by extension 'ignore'
[0.541s] Level 1:colcon.colcon_core.package_identification:_identify(src/onshape-to-robot-examples/adjustable_height_arm) by extension 'ignore_ament_install'
[0.541s] Level 1:colcon.colcon_core.package_identification:_identify(src/onshape-to-robot-examples/adjustable_height_arm) by extensions ['colcon_pkg']
[0.541s] Level 1:colcon.colcon_core.package_identification:_identify(src/onshape-to-robot-examples/adjustable_height_arm) by extension 'colcon_pkg'
[0.541s] Level 1:colcon.colcon_core.package_identification:_identify(src/onshape-to-robot-examples/adjustable_height_arm) by extensions ['colcon_meta']
[0.541s] Level 1:colcon.colcon_core.package_identification:_identify(src/onshape-to-robot-examples/adjustable_height_arm) by extension 'colcon_meta'
[0.541s] Level 1:colcon.colcon_core.package_identification:_identify(src/onshape-to-robot-examples/adjustable_height_arm) by extensions ['ros']
[0.541s] Level 1:colcon.colcon_core.package_identification:_identify(src/onshape-to-robot-examples/adjustable_height_arm) by extension 'ros'
[0.541s] Level 1:colcon.colcon_core.package_identification:_identify(src/onshape-to-robot-examples/adjustable_height_arm) by extensions ['cmake', 'python']
[0.541s] Level 1:colcon.colcon_core.package_identification:_identify(src/onshape-to-robot-examples/adjustable_height_arm) by extension 'cmake'
[0.541s] Level 1:colcon.colcon_core.package_identification:_identify(src/onshape-to-robot-examples/adjustable_height_arm) by extension 'python'
[0.542s] Level 1:colcon.colcon_core.package_identification:_identify(src/onshape-to-robot-examples/adjustable_height_arm) by extensions ['python_setup_py']
[0.542s] Level 1:colcon.colcon_core.package_identification:_identify(src/onshape-to-robot-examples/adjustable_height_arm) by extension 'python_setup_py'
[0.542s] Level 1:colcon.colcon_core.package_identification:_identify(src/onshape-to-robot-examples/dog) by extensions ['ignore', 'ignore_ament_install']
[0.542s] Level 1:colcon.colcon_core.package_identification:_identify(src/onshape-to-robot-examples/dog) by extension 'ignore'
[0.542s] Level 1:colcon.colcon_core.package_identification:_identify(src/onshape-to-robot-examples/dog) by extension 'ignore_ament_install'
[0.542s] Level 1:colcon.colcon_core.package_identification:_identify(src/onshape-to-robot-examples/dog) by extensions ['colcon_pkg']
[0.542s] Level 1:colcon.colcon_core.package_identification:_identify(src/onshape-to-robot-examples/dog) by extension 'colcon_pkg'
[0.542s] Level 1:colcon.colcon_core.package_identification:_identify(src/onshape-to-robot-examples/dog) by extensions ['colcon_meta']
[0.542s] Level 1:colcon.colcon_core.package_identification:_identify(src/onshape-to-robot-examples/dog) by extension 'colcon_meta'
[0.542s] Level 1:colcon.colcon_core.package_identification:_identify(src/onshape-to-robot-examples/dog) by extensions ['ros']
[0.542s] Level 1:colcon.colcon_core.package_identification:_identify(src/onshape-to-robot-examples/dog) by extension 'ros'
[0.543s] Level 1:colcon.colcon_core.package_identification:_identify(src/onshape-to-robot-examples/dog) by extensions ['cmake', 'python']
[0.543s] Level 1:colcon.colcon_core.package_identification:_identify(src/onshape-to-robot-examples/dog) by extension 'cmake'
[0.543s] Level 1:colcon.colcon_core.package_identification:_identify(src/onshape-to-robot-examples/dog) by extension 'python'
[0.543s] Level 1:colcon.colcon_core.package_identification:_identify(src/onshape-to-robot-examples/dog) by extensions ['python_setup_py']
[0.543s] Level 1:colcon.colcon_core.package_identification:_identify(src/onshape-to-robot-examples/dog) by extension 'python_setup_py'
[0.543s] Level 1:colcon.colcon_core.package_identification:_identify(src/onshape-to-robot-examples/field) by extensions ['ignore', 'ignore_ament_install']
[0.543s] Level 1:colcon.colcon_core.package_identification:_identify(src/onshape-to-robot-examples/field) by extension 'ignore'
[0.543s] Level 1:colcon.colcon_core.package_identification:_identify(src/onshape-to-robot-examples/field) by extension 'ignore_ament_install'
[0.543s] Level 1:colcon.colcon_core.package_identification:_identify(src/onshape-to-robot-examples/field) by extensions ['colcon_pkg']
[0.543s] Level 1:colcon.colcon_core.package_identification:_identify(src/onshape-to-robot-examples/field) by extension 'colcon_pkg'
[0.543s] Level 1:colcon.colcon_core.package_identification:_identify(src/onshape-to-robot-examples/field) by extensions ['colcon_meta']
[0.543s] Level 1:colcon.colcon_core.package_identification:_identify(src/onshape-to-robot-examples/field) by extension 'colcon_meta'
[0.543s] Level 1:colcon.colcon_core.package_identification:_identify(src/onshape-to-robot-examples/field) by extensions ['ros']
[0.543s] Level 1:colcon.colcon_core.package_identification:_identify(src/onshape-to-robot-examples/field) by extension 'ros'
[0.544s] Level 1:colcon.colcon_core.package_identification:_identify(src/onshape-to-robot-examples/field) by extensions ['cmake', 'python']
[0.544s] Level 1:colcon.colcon_core.package_identification:_identify(src/onshape-to-robot-examples/field) by extension 'cmake'
[0.544s] Level 1:colcon.colcon_core.package_identification:_identify(src/onshape-to-robot-examples/field) by extension 'python'
[0.544s] Level 1:colcon.colcon_core.package_identification:_identify(src/onshape-to-robot-examples/field) by extensions ['python_setup_py']
[0.544s] Level 1:colcon.colcon_core.package_identification:_identify(src/onshape-to-robot-examples/field) by extension 'python_setup_py'
[0.544s] Level 1:colcon.colcon_core.package_identification:_identify(src/onshape-to-robot-examples/omnidirectional) by extensions ['ignore', 'ignore_ament_install']
[0.544s] Level 1:colcon.colcon_core.package_identification:_identify(src/onshape-to-robot-examples/omnidirectional) by extension 'ignore'
[0.544s] Level 1:colcon.colcon_core.package_identification:_identify(src/onshape-to-robot-examples/omnidirectional) by extension 'ignore_ament_install'
[0.544s] Level 1:colcon.colcon_core.package_identification:_identify(src/onshape-to-robot-examples/omnidirectional) by extensions ['colcon_pkg']
[0.544s] Level 1:colcon.colcon_core.package_identification:_identify(src/onshape-to-robot-examples/omnidirectional) by extension 'colcon_pkg'
[0.544s] Level 1:colcon.colcon_core.package_identification:_identify(src/onshape-to-robot-examples/omnidirectional) by extensions ['colcon_meta']
[0.544s] Level 1:colcon.colcon_core.package_identification:_identify(src/onshape-to-robot-examples/omnidirectional) by extension 'colcon_meta'
[0.544s] Level 1:colcon.colcon_core.package_identification:_identify(src/onshape-to-robot-examples/omnidirectional) by extensions ['ros']
[0.544s] Level 1:colcon.colcon_core.package_identification:_identify(src/onshape-to-robot-examples/omnidirectional) by extension 'ros'
[0.545s] Level 1:colcon.colcon_core.package_identification:_identify(src/onshape-to-robot-examples/omnidirectional) by extensions ['cmake', 'python']
[0.545s] Level 1:colcon.colcon_core.package_identification:_identify(src/onshape-to-robot-examples/omnidirectional) by extension 'cmake'
[0.545s] Level 1:colcon.colcon_core.package_identification:_identify(src/onshape-to-robot-examples/omnidirectional) by extension 'python'
[0.545s] Level 1:colcon.colcon_core.package_identification:_identify(src/onshape-to-robot-examples/omnidirectional) by extensions ['python_setup_py']
[0.545s] Level 1:colcon.colcon_core.package_identification:_identify(src/onshape-to-robot-examples/omnidirectional) by extension 'python_setup_py'
[0.545s] Level 1:colcon.colcon_core.package_identification:_identify(src/onshape-to-robot-examples/quadruped) by extensions ['ignore', 'ignore_ament_install']
[0.545s] Level 1:colcon.colcon_core.package_identification:_identify(src/onshape-to-robot-examples/quadruped) by extension 'ignore'
[0.545s] Level 1:colcon.colcon_core.package_identification:_identify(src/onshape-to-robot-examples/quadruped) by extension 'ignore_ament_install'
[0.545s] Level 1:colcon.colcon_core.package_identification:_identify(src/onshape-to-robot-examples/quadruped) by extensions ['colcon_pkg']
[0.545s] Level 1:colcon.colcon_core.package_identification:_identify(src/onshape-to-robot-examples/quadruped) by extension 'colcon_pkg'
[0.546s] Level 1:colcon.colcon_core.package_identification:_identify(src/onshape-to-robot-examples/quadruped) by extensions ['colcon_meta']
[0.546s] Level 1:colcon.colcon_core.package_identification:_identify(src/onshape-to-robot-examples/quadruped) by extension 'colcon_meta'
[0.546s] Level 1:colcon.colcon_core.package_identification:_identify(src/onshape-to-robot-examples/quadruped) by extensions ['ros']
[0.546s] Level 1:colcon.colcon_core.package_identification:_identify(src/onshape-to-robot-examples/quadruped) by extension 'ros'
[0.546s] Level 1:colcon.colcon_core.package_identification:_identify(src/onshape-to-robot-examples/quadruped) by extensions ['cmake', 'python']
[0.546s] Level 1:colcon.colcon_core.package_identification:_identify(src/onshape-to-robot-examples/quadruped) by extension 'cmake'
[0.546s] Level 1:colcon.colcon_core.package_identification:_identify(src/onshape-to-robot-examples/quadruped) by extension 'python'
[0.546s] Level 1:colcon.colcon_core.package_identification:_identify(src/onshape-to-robot-examples/quadruped) by extensions ['python_setup_py']
[0.546s] Level 1:colcon.colcon_core.package_identification:_identify(src/onshape-to-robot-examples/quadruped) by extension 'python_setup_py'
[0.547s] Level 1:colcon.colcon_core.package_identification:_identify(src/onshape-to-robot-examples/sigmaban2019) by extensions ['ignore', 'ignore_ament_install']
[0.547s] Level 1:colcon.colcon_core.package_identification:_identify(src/onshape-to-robot-examples/sigmaban2019) by extension 'ignore'
[0.547s] Level 1:colcon.colcon_core.package_identification:_identify(src/onshape-to-robot-examples/sigmaban2019) by extension 'ignore_ament_install'
[0.547s] Level 1:colcon.colcon_core.package_identification:_identify(src/onshape-to-robot-examples/sigmaban2019) by extensions ['colcon_pkg']
[0.547s] Level 1:colcon.colcon_core.package_identification:_identify(src/onshape-to-robot-examples/sigmaban2019) by extension 'colcon_pkg'
[0.547s] Level 1:colcon.colcon_core.package_identification:_identify(src/onshape-to-robot-examples/sigmaban2019) by extensions ['colcon_meta']
[0.547s] Level 1:colcon.colcon_core.package_identification:_identify(src/onshape-to-robot-examples/sigmaban2019) by extension 'colcon_meta'
[0.547s] Level 1:colcon.colcon_core.package_identification:_identify(src/onshape-to-robot-examples/sigmaban2019) by extensions ['ros']
[0.547s] Level 1:colcon.colcon_core.package_identification:_identify(src/onshape-to-robot-examples/sigmaban2019) by extension 'ros'
[0.547s] Level 1:colcon.colcon_core.package_identification:_identify(src/onshape-to-robot-examples/sigmaban2019) by extensions ['cmake', 'python']
[0.547s] Level 1:colcon.colcon_core.package_identification:_identify(src/onshape-to-robot-examples/sigmaban2019) by extension 'cmake'
[0.548s] Level 1:colcon.colcon_core.package_identification:_identify(src/onshape-to-robot-examples/sigmaban2019) by extension 'python'
[0.548s] Level 1:colcon.colcon_core.package_identification:_identify(src/onshape-to-robot-examples/sigmaban2019) by extensions ['python_setup_py']
[0.548s] Level 1:colcon.colcon_core.package_identification:_identify(src/onshape-to-robot-examples/sigmaban2019) by extension 'python_setup_py'
[0.548s] Level 1:colcon.colcon_core.package_discovery:discover_packages(recursive) using defaults
[0.548s] Level 1:colcon.colcon_core.package_discovery:discover_packages(ignore) discover
[0.548s] Level 1:colcon.colcon_core.package_discovery:discover_packages(ignore) using defaults
[0.548s] Level 1:colcon.colcon_core.package_discovery:discover_packages(path) discover
[0.548s] Level 1:colcon.colcon_core.package_discovery:discover_packages(path) using defaults
[0.583s] Level 1:colcon.colcon_core.package_discovery:discover_packages(prefix_path) check parameters
[0.583s] Level 1:colcon.colcon_core.package_discovery:discover_packages(prefix_path) discover
[0.584s] WARNING:colcon.colcon_core.prefix_path.colcon:The path '/home/lucas/Desktop/RoboFEI/IC/ros2/sigmaban_ws/src/install' in the environment variable COLCON_PREFIX_PATH doesn't exist
[0.584s] WARNING:colcon.colcon_ros.prefix_path.ament:The path '/home/lucas/Desktop/RoboFEI/IC/ros2/sigmaban_ws/src/install/my_package' in the environment variable AMENT_PREFIX_PATH doesn't exist
[0.585s] DEBUG:colcon.colcon_installed_package_information.package_discovery:Found 1 installed packages in /home/lucas/Desktop/RoboFEI/IC/ros2/sigmaban_ws/install
[0.588s] DEBUG:colcon.colcon_installed_package_information.package_discovery:Found 291 installed packages in /opt/ros/foxy
[0.591s] Level 1:colcon.colcon_core.package_discovery:discover_packages(prefix_path) using defaults
[0.698s] Level 5:colcon.colcon_core.verb:set package 'my_package' build argument 'cmake_args' from command line to 'None'
[0.698s] Level 5:colcon.colcon_core.verb:set package 'my_package' build argument 'cmake_target' from command line to 'None'
[0.698s] Level 5:colcon.colcon_core.verb:set package 'my_package' build argument 'cmake_target_skip_unavailable' from command line to 'False'
[0.698s] Level 5:colcon.colcon_core.verb:set package 'my_package' build argument 'cmake_clean_cache' from command line to 'False'
[0.698s] Level 5:colcon.colcon_core.verb:set package 'my_package' build argument 'cmake_clean_first' from command line to 'False'
[0.698s] Level 5:colcon.colcon_core.verb:set package 'my_package' build argument 'cmake_force_configure' from command line to 'False'
[0.698s] Level 5:colcon.colcon_core.verb:set package 'my_package' build argument 'ament_cmake_args' from command line to 'None'
[0.698s] Level 5:colcon.colcon_core.verb:set package 'my_package' build argument 'catkin_cmake_args' from command line to 'None'
[0.698s] Level 5:colcon.colcon_core.verb:set package 'my_package' build argument 'catkin_skip_building_tests' from command line to 'False'
[0.699s] DEBUG:colcon.colcon_core.verb:Building package 'my_package' with the following arguments: {'ament_cmake_args': None, 'build_base': '/home/lucas/Desktop/RoboFEI/IC/ros2/sigmaban_ws/build/my_package', 'catkin_cmake_args': None, 'catkin_skip_building_tests': False, 'cmake_args': None, 'cmake_clean_cache': False, 'cmake_clean_first': False, 'cmake_force_configure': False, 'cmake_target': None, 'cmake_target_skip_unavailable': False, 'install_base': '/home/lucas/Desktop/RoboFEI/IC/ros2/sigmaban_ws/install/my_package', 'merge_install': False, 'path': '/home/lucas/Desktop/RoboFEI/IC/ros2/sigmaban_ws/src/my_package', 'symlink_install': False, 'test_result_base': None}
[0.699s] INFO:colcon.colcon_core.executor:Executing jobs using 'parallel' executor
[0.701s] DEBUG:colcon.colcon_parallel_executor.executor.parallel:run_until_complete
[0.701s] INFO:colcon.colcon_ros.task.ament_python.build:Building ROS package in '/home/lucas/Desktop/RoboFEI/IC/ros2/sigmaban_ws/src/my_package' with build type 'ament_python'
[0.702s] Level 1:colcon.colcon_core.shell:create_environment_hook('my_package', 'ament_prefix_path')
[0.706s] INFO:colcon.colcon_core.plugin_system:Skipping extension 'colcon_core.shell.bat': Not used on non-Windows systems
[0.707s] INFO:colcon.colcon_core.shell:Creating environment hook '/home/lucas/Desktop/RoboFEI/IC/ros2/sigmaban_ws/install/my_package/share/my_package/hook/ament_prefix_path.ps1'
[0.708s] INFO:colcon.colcon_core.shell:Creating environment descriptor '/home/lucas/Desktop/RoboFEI/IC/ros2/sigmaban_ws/install/my_package/share/my_package/hook/ament_prefix_path.dsv'
[0.709s] INFO:colcon.colcon_core.shell:Creating environment hook '/home/lucas/Desktop/RoboFEI/IC/ros2/sigmaban_ws/install/my_package/share/my_package/hook/ament_prefix_path.sh'
[0.710s] INFO:colcon.colcon_core.shell:Skip shell extension 'powershell' for command environment: Not usable outside of PowerShell
[0.710s] DEBUG:colcon.colcon_core.shell:Skip shell extension 'dsv' for command environment
[1.052s] INFO:colcon.colcon_core.task.python.build:Building Python package in '/home/lucas/Desktop/RoboFEI/IC/ros2/sigmaban_ws/src/my_package'
[1.053s] INFO:colcon.colcon_core.shell:Skip shell extension 'powershell' for command environment: Not usable outside of PowerShell
[1.054s] DEBUG:colcon.colcon_core.shell:Skip shell extension 'dsv' for command environment
[1.620s] DEBUG:colcon.colcon_core.event_handler.log_command:Invoking command in '/home/lucas/Desktop/RoboFEI/IC/ros2/sigmaban_ws/src/my_package': PYTHONPATH=/home/lucas/Desktop/RoboFEI/IC/ros2/sigmaban_ws/build/my_package/prefix_override:/home/lucas/Desktop/RoboFEI/IC/ros2/sigmaban_ws/install/my_package/lib/python3.8/site-packages:${PYTHONPATH} /usr/bin/python3 -W ignore:setup.py install is deprecated setup.py egg_info --egg-base ../../build/my_package build --build-base /home/lucas/Desktop/RoboFEI/IC/ros2/sigmaban_ws/build/my_package/build install --record /home/lucas/Desktop/RoboFEI/IC/ros2/sigmaban_ws/build/my_package/install.log --install-scripts $base/lib/my_package --single-version-externally-managed install_data
[2.042s] DEBUG:colcon.colcon_core.event_handler.log_command:Invoked command in '/home/lucas/Desktop/RoboFEI/IC/ros2/sigmaban_ws/src/my_package' returned '0': PYTHONPATH=/home/lucas/Desktop/RoboFEI/IC/ros2/sigmaban_ws/build/my_package/prefix_override:/home/lucas/Desktop/RoboFEI/IC/ros2/sigmaban_ws/install/my_package/lib/python3.8/site-packages:${PYTHONPATH} /usr/bin/python3 -W ignore:setup.py install is deprecated setup.py egg_info --egg-base ../../build/my_package build --build-base /home/lucas/Desktop/RoboFEI/IC/ros2/sigmaban_ws/build/my_package/build install --record /home/lucas/Desktop/RoboFEI/IC/ros2/sigmaban_ws/build/my_package/install.log --install-scripts $base/lib/my_package --single-version-externally-managed install_data
[2.049s] Level 1:colcon.colcon_core.environment:checking '/home/lucas/Desktop/RoboFEI/IC/ros2/sigmaban_ws/install/my_package' for CMake module files
[2.050s] Level 1:colcon.colcon_core.environment:checking '/home/lucas/Desktop/RoboFEI/IC/ros2/sigmaban_ws/install/my_package' for CMake config files
[2.052s] Level 1:colcon.colcon_core.environment:checking '/home/lucas/Desktop/RoboFEI/IC/ros2/sigmaban_ws/install/my_package/lib'
[2.052s] Level 1:colcon.colcon_core.environment:checking '/home/lucas/Desktop/RoboFEI/IC/ros2/sigmaban_ws/install/my_package/bin'
[2.052s] Level 1:colcon.colcon_core.environment:checking '/home/lucas/Desktop/RoboFEI/IC/ros2/sigmaban_ws/install/my_package/lib/pkgconfig/my_package.pc'
[2.053s] Level 1:colcon.colcon_core.environment:checking '/home/lucas/Desktop/RoboFEI/IC/ros2/sigmaban_ws/install/my_package/lib/python3.8/site-packages'
[2.053s] Level 1:colcon.colcon_core.shell:create_environment_hook('my_package', 'pythonpath')
[2.053s] INFO:colcon.colcon_core.shell:Creating environment hook '/home/lucas/Desktop/RoboFEI/IC/ros2/sigmaban_ws/install/my_package/share/my_package/hook/pythonpath.ps1'
[2.054s] INFO:colcon.colcon_core.shell:Creating environment descriptor '/home/lucas/Desktop/RoboFEI/IC/ros2/sigmaban_ws/install/my_package/share/my_package/hook/pythonpath.dsv'
[2.054s] INFO:colcon.colcon_core.shell:Creating environment hook '/home/lucas/Desktop/RoboFEI/IC/ros2/sigmaban_ws/install/my_package/share/my_package/hook/pythonpath.sh'
[2.055s] Level 1:colcon.colcon_core.environment:checking '/home/lucas/Desktop/RoboFEI/IC/ros2/sigmaban_ws/install/my_package/bin'
[2.055s] Level 1:colcon.colcon_core.environment:create_environment_scripts_only(my_package)
[2.056s] INFO:colcon.colcon_core.shell:Creating package script '/home/lucas/Desktop/RoboFEI/IC/ros2/sigmaban_ws/install/my_package/share/my_package/package.ps1'
[2.057s] INFO:colcon.colcon_core.shell:Creating package descriptor '/home/lucas/Desktop/RoboFEI/IC/ros2/sigmaban_ws/install/my_package/share/my_package/package.dsv'
[2.058s] INFO:colcon.colcon_core.shell:Creating package script '/home/lucas/Desktop/RoboFEI/IC/ros2/sigmaban_ws/install/my_package/share/my_package/package.sh'
[2.060s] INFO:colcon.colcon_core.shell:Creating package script '/home/lucas/Desktop/RoboFEI/IC/ros2/sigmaban_ws/install/my_package/share/my_package/package.bash'
[2.061s] INFO:colcon.colcon_core.shell:Creating package script '/home/lucas/Desktop/RoboFEI/IC/ros2/sigmaban_ws/install/my_package/share/my_package/package.zsh'
[2.062s] Level 1:colcon.colcon_core.environment:create_file_with_runtime_dependencies(/home/lucas/Desktop/RoboFEI/IC/ros2/sigmaban_ws/install/my_package/share/colcon-core/packages/my_package)
[2.062s] DEBUG:colcon.colcon_parallel_executor.executor.parallel:closing loop
[2.063s] DEBUG:colcon.colcon_parallel_executor.executor.parallel:loop closed
[2.063s] DEBUG:colcon.colcon_parallel_executor.executor.parallel:run_until_complete finished with '0'
[2.063s] DEBUG:colcon.colcon_core.event_reactor:joining thread
[2.077s] INFO:colcon.colcon_core.plugin_system:Skipping extension 'colcon_notification.desktop_notification.terminal_notifier': Not used on non-Darwin systems
[2.078s] INFO:colcon.colcon_core.plugin_system:Skipping extension 'colcon_notification.desktop_notification.win32': Not used on non-Windows systems
[2.078s] INFO:colcon.colcon_notification.desktop_notification:Sending desktop notification using 'notify2'
[2.102s] DEBUG:colcon.colcon_core.event_reactor:joined thread
[2.103s] INFO:colcon.colcon_core.shell:Creating prefix script '/home/lucas/Desktop/RoboFEI/IC/ros2/sigmaban_ws/install/local_setup.ps1'
[2.105s] INFO:colcon.colcon_core.shell:Creating prefix util module '/home/lucas/Desktop/RoboFEI/IC/ros2/sigmaban_ws/install/_local_setup_util_ps1.py'
[2.107s] INFO:colcon.colcon_core.shell:Creating prefix chain script '/home/lucas/Desktop/RoboFEI/IC/ros2/sigmaban_ws/install/setup.ps1'
[2.109s] INFO:colcon.colcon_core.shell:Creating prefix script '/home/lucas/Desktop/RoboFEI/IC/ros2/sigmaban_ws/install/local_setup.sh'
[2.110s] INFO:colcon.colcon_core.shell:Creating prefix util module '/home/lucas/Desktop/RoboFEI/IC/ros2/sigmaban_ws/install/_local_setup_util_sh.py'
[2.111s] INFO:colcon.colcon_core.shell:Creating prefix chain script '/home/lucas/Desktop/RoboFEI/IC/ros2/sigmaban_ws/install/setup.sh'
[2.113s] INFO:colcon.colcon_core.shell:Creating prefix script '/home/lucas/Desktop/RoboFEI/IC/ros2/sigmaban_ws/install/local_setup.bash'
[2.114s] INFO:colcon.colcon_core.shell:Creating prefix chain script '/home/lucas/Desktop/RoboFEI/IC/ros2/sigmaban_ws/install/setup.bash'
[2.115s] INFO:colcon.colcon_core.shell:Creating prefix script '/home/lucas/Desktop/RoboFEI/IC/ros2/sigmaban_ws/install/local_setup.zsh'
[2.116s] INFO:colcon.colcon_core.shell:Creating prefix chain script '/home/lucas/Desktop/RoboFEI/IC/ros2/sigmaban_ws/install/setup.zsh'
