[1.592s] Invoking command in '/home/lucas/Desktop/RoboFEI/IC/ros2_ws/src/my_package': PYTHONPATH=/home/lucas/Desktop/RoboFEI/IC/ros2_ws/build/my_package/prefix_override:/home/lucas/Desktop/RoboFEI/IC/ros2_ws/install/my_package/lib/python3.8/site-packages:${PYTHONPATH} /usr/bin/python3 -W ignore:setup.py install is deprecated setup.py egg_info --egg-base ../../build/my_package build --build-base /home/lucas/Desktop/RoboFEI/IC/ros2_ws/build/my_package/build install --record /home/lucas/Desktop/RoboFEI/IC/ros2_ws/build/my_package/install.log --install-scripts $base/lib/my_package --single-version-externally-managed install_data
[1.902s] running egg_info
[1.902s] writing ../../build/my_package/my_package.egg-info/PKG-INFO
[1.916s] writing dependency_links to ../../build/my_package/my_package.egg-info/dependency_links.txt
[1.917s] writing entry points to ../../build/my_package/my_package.egg-info/entry_points.txt
[1.917s] writing requirements to ../../build/my_package/my_package.egg-info/requires.txt
[1.917s] writing top-level names to ../../build/my_package/my_package.egg-info/top_level.txt
[2.036s] reading manifest file '../../build/my_package/my_package.egg-info/SOURCES.txt'
[2.053s] writing manifest file '../../build/my_package/my_package.egg-info/SOURCES.txt'
[2.053s] running build
[2.053s] running build_py
[2.055s] running install
[2.058s] running install_lib
[2.061s] running install_data
[2.062s] copying worlds/my_world.wbt -> /home/lucas/Desktop/RoboFEI/IC/ros2_ws/install/my_package/share/my_package/worlds
[2.068s] running install_egg_info
[2.072s] removing '/home/lucas/Desktop/RoboFEI/IC/ros2_ws/install/my_package/lib/python3.8/site-packages/my_package-0.0.0-py3.8.egg-info' (and everything under it)
[2.073s] Copying ../../build/my_package/my_package.egg-info to /home/lucas/Desktop/RoboFEI/IC/ros2_ws/install/my_package/lib/python3.8/site-packages/my_package-0.0.0-py3.8.egg-info
[2.092s] running install_scripts
[2.121s] Installing my_robot_driver script to /home/lucas/Desktop/RoboFEI/IC/ros2_ws/install/my_package/lib/my_package
[2.121s] Installing obstacle_avoider script to /home/lucas/Desktop/RoboFEI/IC/ros2_ws/install/my_package/lib/my_package
[2.121s] writing list of installed files to '/home/lucas/Desktop/RoboFEI/IC/ros2_ws/build/my_package/install.log'
[2.148s] Invoked command in '/home/lucas/Desktop/RoboFEI/IC/ros2_ws/src/my_package' returned '0': PYTHONPATH=/home/lucas/Desktop/RoboFEI/IC/ros2_ws/build/my_package/prefix_override:/home/lucas/Desktop/RoboFEI/IC/ros2_ws/install/my_package/lib/python3.8/site-packages:${PYTHONPATH} /usr/bin/python3 -W ignore:setup.py install is deprecated setup.py egg_info --egg-base ../../build/my_package build --build-base /home/lucas/Desktop/RoboFEI/IC/ros2_ws/build/my_package/build install --record /home/lucas/Desktop/RoboFEI/IC/ros2_ws/build/my_package/install.log --install-scripts $base/lib/my_package --single-version-externally-managed install_data
