[0.951s] Invoking command in '/home/lucas/Desktop/RoboFEI/IC/sigmaban_ws/src/my_package': PYTHONPATH=/home/lucas/Desktop/RoboFEI/IC/sigmaban_ws/build/my_package/prefix_override:/home/lucas/Desktop/RoboFEI/IC/sigmaban_ws/install/my_package/lib/python3.8/site-packages:${PYTHONPATH} /usr/bin/python3 -W ignore:setup.py install is deprecated setup.py egg_info --egg-base ../../build/my_package build --build-base /home/lucas/Desktop/RoboFEI/IC/sigmaban_ws/build/my_package/build install --record /home/lucas/Desktop/RoboFEI/IC/sigmaban_ws/build/my_package/install.log --install-scripts $base/lib/my_package --single-version-externally-managed install_data
[1.257s] running egg_info
[1.258s] writing ../../build/my_package/my_package.egg-info/PKG-INFO
[1.259s] writing dependency_links to ../../build/my_package/my_package.egg-info/dependency_links.txt
[1.259s] writing entry points to ../../build/my_package/my_package.egg-info/entry_points.txt
[1.259s] writing requirements to ../../build/my_package/my_package.egg-info/requires.txt
[1.260s] writing top-level names to ../../build/my_package/my_package.egg-info/top_level.txt
[1.316s] reading manifest file '../../build/my_package/my_package.egg-info/SOURCES.txt'
[1.317s] writing manifest file '../../build/my_package/my_package.egg-info/SOURCES.txt'
[1.318s] running build
[1.318s] running build_py
[1.318s] running install
[1.319s] running install_lib
[1.320s] running install_data
[1.321s] copying worlds/my_world.wbt -> /home/lucas/Desktop/RoboFEI/IC/sigmaban_ws/install/my_package/share/my_package/worlds
[1.321s] running install_egg_info
[1.323s] removing '/home/lucas/Desktop/RoboFEI/IC/sigmaban_ws/install/my_package/lib/python3.8/site-packages/my_package-0.0.0-py3.8.egg-info' (and everything under it)
[1.323s] Copying ../../build/my_package/my_package.egg-info to /home/lucas/Desktop/RoboFEI/IC/sigmaban_ws/install/my_package/lib/python3.8/site-packages/my_package-0.0.0-py3.8.egg-info
[1.324s] running install_scripts
[1.347s] Installing my_robot_driver script to /home/lucas/Desktop/RoboFEI/IC/sigmaban_ws/install/my_package/lib/my_package
[1.347s] Installing obstacle_avoider script to /home/lucas/Desktop/RoboFEI/IC/sigmaban_ws/install/my_package/lib/my_package
[1.347s] writing list of installed files to '/home/lucas/Desktop/RoboFEI/IC/sigmaban_ws/build/my_package/install.log'
[1.374s] Invoked command in '/home/lucas/Desktop/RoboFEI/IC/sigmaban_ws/src/my_package' returned '0': PYTHONPATH=/home/lucas/Desktop/RoboFEI/IC/sigmaban_ws/build/my_package/prefix_override:/home/lucas/Desktop/RoboFEI/IC/sigmaban_ws/install/my_package/lib/python3.8/site-packages:${PYTHONPATH} /usr/bin/python3 -W ignore:setup.py install is deprecated setup.py egg_info --egg-base ../../build/my_package build --build-base /home/lucas/Desktop/RoboFEI/IC/sigmaban_ws/build/my_package/build install --record /home/lucas/Desktop/RoboFEI/IC/sigmaban_ws/build/my_package/install.log --install-scripts $base/lib/my_package --single-version-externally-managed install_data
