[0.985s] Invoking command in '/home/lucas/Desktop/RoboFEI/IC/ros2/sigmaban_ws/src/my_package': PYTHONPATH=/home/lucas/Desktop/RoboFEI/IC/ros2/sigmaban_ws/build/my_package/prefix_override:/home/lucas/Desktop/RoboFEI/IC/ros2/sigmaban_ws/install/my_package/lib/python3.8/site-packages:${PYTHONPATH} /usr/bin/python3 -W ignore:setup.py install is deprecated setup.py egg_info --egg-base ../../build/my_package build --build-base /home/lucas/Desktop/RoboFEI/IC/ros2/sigmaban_ws/build/my_package/build install --record /home/lucas/Desktop/RoboFEI/IC/ros2/sigmaban_ws/build/my_package/install.log --install-scripts $base/lib/my_package --single-version-externally-managed install_data
[1.311s] running egg_info
[1.311s] creating ../../build/my_package/my_package.egg-info
[1.312s] writing ../../build/my_package/my_package.egg-info/PKG-INFO
[1.312s] writing dependency_links to ../../build/my_package/my_package.egg-info/dependency_links.txt
[1.312s] writing entry points to ../../build/my_package/my_package.egg-info/entry_points.txt
[1.313s] writing requirements to ../../build/my_package/my_package.egg-info/requires.txt
[1.313s] writing top-level names to ../../build/my_package/my_package.egg-info/top_level.txt
[1.314s] writing manifest file '../../build/my_package/my_package.egg-info/SOURCES.txt'
[1.372s] reading manifest file '../../build/my_package/my_package.egg-info/SOURCES.txt'
[1.373s] writing manifest file '../../build/my_package/my_package.egg-info/SOURCES.txt'
[1.373s] running build
[1.374s] running build_py
[1.374s] creating /home/lucas/Desktop/RoboFEI/IC/ros2/sigmaban_ws/build/my_package/build
[1.374s] creating /home/lucas/Desktop/RoboFEI/IC/ros2/sigmaban_ws/build/my_package/build/lib
[1.374s] creating /home/lucas/Desktop/RoboFEI/IC/ros2/sigmaban_ws/build/my_package/build/lib/my_package
[1.375s] copying my_package/obstacle_avoider.py -> /home/lucas/Desktop/RoboFEI/IC/ros2/sigmaban_ws/build/my_package/build/lib/my_package
[1.375s] copying my_package/__init__.py -> /home/lucas/Desktop/RoboFEI/IC/ros2/sigmaban_ws/build/my_package/build/lib/my_package
[1.375s] copying my_package/my_robot_driver.py -> /home/lucas/Desktop/RoboFEI/IC/ros2/sigmaban_ws/build/my_package/build/lib/my_package
[1.376s] running install
[1.377s] running install_lib
[1.377s] creating /home/lucas/Desktop/RoboFEI/IC/ros2/sigmaban_ws/install/my_package/lib/python3.8/site-packages/my_package
[1.377s] copying /home/lucas/Desktop/RoboFEI/IC/ros2/sigmaban_ws/build/my_package/build/lib/my_package/obstacle_avoider.py -> /home/lucas/Desktop/RoboFEI/IC/ros2/sigmaban_ws/install/my_package/lib/python3.8/site-packages/my_package
[1.377s] copying /home/lucas/Desktop/RoboFEI/IC/ros2/sigmaban_ws/build/my_package/build/lib/my_package/__init__.py -> /home/lucas/Desktop/RoboFEI/IC/ros2/sigmaban_ws/install/my_package/lib/python3.8/site-packages/my_package
[1.377s] copying /home/lucas/Desktop/RoboFEI/IC/ros2/sigmaban_ws/build/my_package/build/lib/my_package/my_robot_driver.py -> /home/lucas/Desktop/RoboFEI/IC/ros2/sigmaban_ws/install/my_package/lib/python3.8/site-packages/my_package
[1.378s] byte-compiling /home/lucas/Desktop/RoboFEI/IC/ros2/sigmaban_ws/install/my_package/lib/python3.8/site-packages/my_package/obstacle_avoider.py to obstacle_avoider.cpython-38.pyc
[1.379s] byte-compiling /home/lucas/Desktop/RoboFEI/IC/ros2/sigmaban_ws/install/my_package/lib/python3.8/site-packages/my_package/__init__.py to __init__.cpython-38.pyc
[1.379s] byte-compiling /home/lucas/Desktop/RoboFEI/IC/ros2/sigmaban_ws/install/my_package/lib/python3.8/site-packages/my_package/my_robot_driver.py to my_robot_driver.cpython-38.pyc
[1.380s] running install_data
[1.380s] creating /home/lucas/Desktop/RoboFEI/IC/ros2/sigmaban_ws/install/my_package/share/ament_index
[1.380s] creating /home/lucas/Desktop/RoboFEI/IC/ros2/sigmaban_ws/install/my_package/share/ament_index/resource_index
[1.381s] creating /home/lucas/Desktop/RoboFEI/IC/ros2/sigmaban_ws/install/my_package/share/ament_index/resource_index/packages
[1.381s] copying resource/my_package -> /home/lucas/Desktop/RoboFEI/IC/ros2/sigmaban_ws/install/my_package/share/ament_index/resource_index/packages
[1.381s] creating /home/lucas/Desktop/RoboFEI/IC/ros2/sigmaban_ws/install/my_package/share/my_package/launch
[1.381s] copying launch/robot_launch.py -> /home/lucas/Desktop/RoboFEI/IC/ros2/sigmaban_ws/install/my_package/share/my_package/launch
[1.382s] creating /home/lucas/Desktop/RoboFEI/IC/ros2/sigmaban_ws/install/my_package/share/my_package/worlds
[1.382s] copying worlds/my_world.wbt -> /home/lucas/Desktop/RoboFEI/IC/ros2/sigmaban_ws/install/my_package/share/my_package/worlds
[1.382s] creating /home/lucas/Desktop/RoboFEI/IC/ros2/sigmaban_ws/install/my_package/share/my_package/resource
[1.383s] copying resource/my_robot.urdf -> /home/lucas/Desktop/RoboFEI/IC/ros2/sigmaban_ws/install/my_package/share/my_package/resource
[1.383s] creating /home/lucas/Desktop/RoboFEI/IC/ros2/sigmaban_ws/install/my_package/share/my_package/protos
[1.383s] copying protos/robot.urdf -> /home/lucas/Desktop/RoboFEI/IC/ros2/sigmaban_ws/install/my_package/share/my_package/protos
[1.383s] copying protos/body.stl -> /home/lucas/Desktop/RoboFEI/IC/ros2/sigmaban_ws/install/my_package/share/my_package/protos
[1.384s] copying protos/wheel.stl -> /home/lucas/Desktop/RoboFEI/IC/ros2/sigmaban_ws/install/my_package/share/my_package/protos
[1.384s] copying package.xml -> /home/lucas/Desktop/RoboFEI/IC/ros2/sigmaban_ws/install/my_package/share/my_package
[1.384s] running install_egg_info
[1.386s] Copying ../../build/my_package/my_package.egg-info to /home/lucas/Desktop/RoboFEI/IC/ros2/sigmaban_ws/install/my_package/lib/python3.8/site-packages/my_package-0.0.0-py3.8.egg-info
[1.387s] running install_scripts
[1.411s] Installing my_robot_driver script to /home/lucas/Desktop/RoboFEI/IC/ros2/sigmaban_ws/install/my_package/lib/my_package
[1.412s] Installing obstacle_avoider script to /home/lucas/Desktop/RoboFEI/IC/ros2/sigmaban_ws/install/my_package/lib/my_package
[1.412s] writing list of installed files to '/home/lucas/Desktop/RoboFEI/IC/ros2/sigmaban_ws/build/my_package/install.log'
[1.441s] Invoked command in '/home/lucas/Desktop/RoboFEI/IC/ros2/sigmaban_ws/src/my_package' returned '0': PYTHONPATH=/home/lucas/Desktop/RoboFEI/IC/ros2/sigmaban_ws/build/my_package/prefix_override:/home/lucas/Desktop/RoboFEI/IC/ros2/sigmaban_ws/install/my_package/lib/python3.8/site-packages:${PYTHONPATH} /usr/bin/python3 -W ignore:setup.py install is deprecated setup.py egg_info --egg-base ../../build/my_package build --build-base /home/lucas/Desktop/RoboFEI/IC/ros2/sigmaban_ws/build/my_package/build install --record /home/lucas/Desktop/RoboFEI/IC/ros2/sigmaban_ws/build/my_package/install.log --install-scripts $base/lib/my_package --single-version-externally-managed install_data
