[1.650s] Invoking command in '/home/lucas/Desktop/RoboFEI/IC/ros2/sigmaban_ws/build/my_package': PYTHONPATH=/home/lucas/Desktop/RoboFEI/IC/ros2/sigmaban_ws/build/my_package/prefix_override:/home/lucas/Desktop/RoboFEI/IC/ros2/sigmaban_ws/install/my_package/lib/python3.8/site-packages:${PYTHONPATH} /usr/bin/python3 -W ignore:setup.py install is deprecated setup.py develop --editable --build-directory /home/lucas/Desktop/RoboFEI/IC/ros2/sigmaban_ws/build/my_package/build --no-deps symlink_data --force
[1.988s] running develop
[2.179s] running egg_info
[2.180s] writing my_package.egg-info/PKG-INFO
[2.180s] writing dependency_links to my_package.egg-info/dependency_links.txt
[2.181s] writing entry points to my_package.egg-info/entry_points.txt
[2.181s] writing requirements to my_package.egg-info/requires.txt
[2.181s] writing top-level names to my_package.egg-info/top_level.txt
[2.256s] reading manifest file 'my_package.egg-info/SOURCES.txt'
[2.262s] writing manifest file 'my_package.egg-info/SOURCES.txt'
[2.320s] running build_ext
[2.334s] Creating /home/lucas/Desktop/RoboFEI/IC/ros2/sigmaban_ws/install/my_package/lib/python3.8/site-packages/site.py
[2.340s] Creating /home/lucas/Desktop/RoboFEI/IC/ros2/sigmaban_ws/install/my_package/lib/python3.8/site-packages/my-package.egg-link (link to .)
[2.342s] Installing my_robot_driver script to /home/lucas/Desktop/RoboFEI/IC/ros2/sigmaban_ws/install/my_package/lib/my_package
[2.342s] Installing obstacle_avoider script to /home/lucas/Desktop/RoboFEI/IC/ros2/sigmaban_ws/install/my_package/lib/my_package
[2.343s] 
[2.343s] Installed /home/lucas/Desktop/RoboFEI/IC/ros2/sigmaban_ws/build/my_package
[2.344s] running symlink_data
[2.344s] symbolically linking /home/lucas/Desktop/RoboFEI/IC/ros2/sigmaban_ws/build/my_package/resource/my_package -> /home/lucas/Desktop/RoboFEI/IC/ros2/sigmaban_ws/install/my_package/share/ament_index/resource_index/packages
[2.345s] symbolically linking /home/lucas/Desktop/RoboFEI/IC/ros2/sigmaban_ws/build/my_package/launch/robot_launch.py -> /home/lucas/Desktop/RoboFEI/IC/ros2/sigmaban_ws/install/my_package/share/my_package/launch
[2.346s] symbolically linking /home/lucas/Desktop/RoboFEI/IC/ros2/sigmaban_ws/build/my_package/worlds/my_world.wbt -> /home/lucas/Desktop/RoboFEI/IC/ros2/sigmaban_ws/install/my_package/share/my_package/worlds
[2.346s] symbolically linking /home/lucas/Desktop/RoboFEI/IC/ros2/sigmaban_ws/build/my_package/resource/my_robot.urdf -> /home/lucas/Desktop/RoboFEI/IC/ros2/sigmaban_ws/install/my_package/share/my_package/resource
[2.347s] symbolically linking /home/lucas/Desktop/RoboFEI/IC/ros2/sigmaban_ws/build/my_package/protos/robot.urdf -> /home/lucas/Desktop/RoboFEI/IC/ros2/sigmaban_ws/install/my_package/share/my_package/protos
[2.347s] symbolically linking /home/lucas/Desktop/RoboFEI/IC/ros2/sigmaban_ws/build/my_package/protos/body.stl -> /home/lucas/Desktop/RoboFEI/IC/ros2/sigmaban_ws/install/my_package/share/my_package/protos
[2.347s] symbolically linking /home/lucas/Desktop/RoboFEI/IC/ros2/sigmaban_ws/build/my_package/protos/wheel.stl -> /home/lucas/Desktop/RoboFEI/IC/ros2/sigmaban_ws/install/my_package/share/my_package/protos
[2.348s] symbolically linking /home/lucas/Desktop/RoboFEI/IC/ros2/sigmaban_ws/build/my_package/package.xml -> /home/lucas/Desktop/RoboFEI/IC/ros2/sigmaban_ws/install/my_package/share/my_package
[2.382s] Invoked command in '/home/lucas/Desktop/RoboFEI/IC/ros2/sigmaban_ws/build/my_package' returned '0': PYTHONPATH=/home/lucas/Desktop/RoboFEI/IC/ros2/sigmaban_ws/build/my_package/prefix_override:/home/lucas/Desktop/RoboFEI/IC/ros2/sigmaban_ws/install/my_package/lib/python3.8/site-packages:${PYTHONPATH} /usr/bin/python3 -W ignore:setup.py install is deprecated setup.py develop --editable --build-directory /home/lucas/Desktop/RoboFEI/IC/ros2/sigmaban_ws/build/my_package/build --no-deps symlink_data --force
