[0.903s] Invoking command in '/home/lucas/Desktop/RoboFEI/IC/ros2_ws/src/my_package': PYTHONPATH=/home/lucas/Desktop/RoboFEI/IC/ros2_ws/build/my_package/prefix_override:/home/lucas/Desktop/RoboFEI/IC/ros2_ws/install/my_package/lib/python3.8/site-packages:${PYTHONPATH} /usr/bin/python3 -W ignore:setup.py install is deprecated setup.py egg_info --egg-base ../../build/my_package build --build-base /home/lucas/Desktop/RoboFEI/IC/ros2_ws/build/my_package/build install --record /home/lucas/Desktop/RoboFEI/IC/ros2_ws/build/my_package/install.log --install-scripts $base/lib/my_package --single-version-externally-managed install_data
[1.203s] running egg_info
[1.204s] creating ../../build/my_package/my_package.egg-info
[1.204s] writing ../../build/my_package/my_package.egg-info/PKG-INFO
[1.204s] writing dependency_links to ../../build/my_package/my_package.egg-info/dependency_links.txt
[1.205s] writing entry points to ../../build/my_package/my_package.egg-info/entry_points.txt
[1.205s] writing requirements to ../../build/my_package/my_package.egg-info/requires.txt
[1.206s] writing top-level names to ../../build/my_package/my_package.egg-info/top_level.txt
[1.206s] writing manifest file '../../build/my_package/my_package.egg-info/SOURCES.txt'
[1.257s] reading manifest file '../../build/my_package/my_package.egg-info/SOURCES.txt'
[1.258s] writing manifest file '../../build/my_package/my_package.egg-info/SOURCES.txt'
[1.259s] running build
[1.259s] running build_py
[1.259s] creating /home/lucas/Desktop/RoboFEI/IC/ros2_ws/build/my_package/build
[1.260s] creating /home/lucas/Desktop/RoboFEI/IC/ros2_ws/build/my_package/build/lib
[1.260s] creating /home/lucas/Desktop/RoboFEI/IC/ros2_ws/build/my_package/build/lib/my_package
[1.260s] copying my_package/__init__.py -> /home/lucas/Desktop/RoboFEI/IC/ros2_ws/build/my_package/build/lib/my_package
[1.261s] copying my_package/my_robot_driver.py -> /home/lucas/Desktop/RoboFEI/IC/ros2_ws/build/my_package/build/lib/my_package
[1.261s] running install
[1.261s] running install_lib
[1.262s] creating /home/lucas/Desktop/RoboFEI/IC/ros2_ws/install/my_package/lib/python3.8/site-packages/my_package
[1.262s] copying /home/lucas/Desktop/RoboFEI/IC/ros2_ws/build/my_package/build/lib/my_package/__init__.py -> /home/lucas/Desktop/RoboFEI/IC/ros2_ws/install/my_package/lib/python3.8/site-packages/my_package
[1.262s] copying /home/lucas/Desktop/RoboFEI/IC/ros2_ws/build/my_package/build/lib/my_package/my_robot_driver.py -> /home/lucas/Desktop/RoboFEI/IC/ros2_ws/install/my_package/lib/python3.8/site-packages/my_package
[1.263s] byte-compiling /home/lucas/Desktop/RoboFEI/IC/ros2_ws/install/my_package/lib/python3.8/site-packages/my_package/__init__.py to __init__.cpython-38.pyc
[1.263s] byte-compiling /home/lucas/Desktop/RoboFEI/IC/ros2_ws/install/my_package/lib/python3.8/site-packages/my_package/my_robot_driver.py to my_robot_driver.cpython-38.pyc
[1.264s] running install_data
[1.264s] creating /home/lucas/Desktop/RoboFEI/IC/ros2_ws/install/my_package/share/ament_index
[1.264s] creating /home/lucas/Desktop/RoboFEI/IC/ros2_ws/install/my_package/share/ament_index/resource_index
[1.265s] creating /home/lucas/Desktop/RoboFEI/IC/ros2_ws/install/my_package/share/ament_index/resource_index/packages
[1.265s] copying resource/my_package -> /home/lucas/Desktop/RoboFEI/IC/ros2_ws/install/my_package/share/ament_index/resource_index/packages
[1.265s] creating /home/lucas/Desktop/RoboFEI/IC/ros2_ws/install/my_package/share/my_package/launch
[1.265s] copying launch/robot_launch.py -> /home/lucas/Desktop/RoboFEI/IC/ros2_ws/install/my_package/share/my_package/launch
[1.265s] creating /home/lucas/Desktop/RoboFEI/IC/ros2_ws/install/my_package/share/my_package/worlds
[1.266s] copying worlds/my_world.wbt -> /home/lucas/Desktop/RoboFEI/IC/ros2_ws/install/my_package/share/my_package/worlds
[1.266s] creating /home/lucas/Desktop/RoboFEI/IC/ros2_ws/install/my_package/share/my_package/resource
[1.266s] copying resource/my_robot.urdf -> /home/lucas/Desktop/RoboFEI/IC/ros2_ws/install/my_package/share/my_package/resource
[1.266s] copying package.xml -> /home/lucas/Desktop/RoboFEI/IC/ros2_ws/install/my_package/share/my_package
[1.266s] running install_egg_info
[1.267s] Copying ../../build/my_package/my_package.egg-info to /home/lucas/Desktop/RoboFEI/IC/ros2_ws/install/my_package/lib/python3.8/site-packages/my_package-0.0.0-py3.8.egg-info
[1.268s] running install_scripts
[1.290s] Installing my_robot_driver script to /home/lucas/Desktop/RoboFEI/IC/ros2_ws/install/my_package/lib/my_package
[1.291s] writing list of installed files to '/home/lucas/Desktop/RoboFEI/IC/ros2_ws/build/my_package/install.log'
[1.316s] Invoked command in '/home/lucas/Desktop/RoboFEI/IC/ros2_ws/src/my_package' returned '0': PYTHONPATH=/home/lucas/Desktop/RoboFEI/IC/ros2_ws/build/my_package/prefix_override:/home/lucas/Desktop/RoboFEI/IC/ros2_ws/install/my_package/lib/python3.8/site-packages:${PYTHONPATH} /usr/bin/python3 -W ignore:setup.py install is deprecated setup.py egg_info --egg-base ../../build/my_package build --build-base /home/lucas/Desktop/RoboFEI/IC/ros2_ws/build/my_package/build install --record /home/lucas/Desktop/RoboFEI/IC/ros2_ws/build/my_package/install.log --install-scripts $base/lib/my_package --single-version-externally-managed install_data
