running egg_info
writing ../../build/my_package/my_package.egg-info/PKG-INFO
writing dependency_links to ../../build/my_package/my_package.egg-info/dependency_links.txt
writing entry points to ../../build/my_package/my_package.egg-info/entry_points.txt
writing requirements to ../../build/my_package/my_package.egg-info/requires.txt
writing top-level names to ../../build/my_package/my_package.egg-info/top_level.txt
reading manifest file '../../build/my_package/my_package.egg-info/SOURCES.txt'
writing manifest file '../../build/my_package/my_package.egg-info/SOURCES.txt'
running build
running build_py
copying my_package/obstacle_avoider.py -> /home/lucas/Desktop/RoboFEI/IC/ros2_ws/build/my_package/build/lib/my_package
copying my_package/my_robot_driver.py -> /home/lucas/Desktop/RoboFEI/IC/ros2_ws/build/my_package/build/lib/my_package
running install
running install_lib
copying /home/lucas/Desktop/RoboFEI/IC/ros2_ws/build/my_package/build/lib/my_package/obstacle_avoider.py -> /home/lucas/Desktop/RoboFEI/IC/ros2_ws/install/my_package/lib/python3.8/site-packages/my_package
copying /home/lucas/Desktop/RoboFEI/IC/ros2_ws/build/my_package/build/lib/my_package/my_robot_driver.py -> /home/lucas/Desktop/RoboFEI/IC/ros2_ws/install/my_package/lib/python3.8/site-packages/my_package
byte-compiling /home/lucas/Desktop/RoboFEI/IC/ros2_ws/install/my_package/lib/python3.8/site-packages/my_package/obstacle_avoider.py to obstacle_avoider.cpython-38.pyc
byte-compiling /home/lucas/Desktop/RoboFEI/IC/ros2_ws/install/my_package/lib/python3.8/site-packages/my_package/my_robot_driver.py to my_robot_driver.cpython-38.pyc
running install_data
copying launch/robot_launch.py -> /home/lucas/Desktop/RoboFEI/IC/ros2_ws/install/my_package/share/my_package/launch
copying resource/my_robot.urdf -> /home/lucas/Desktop/RoboFEI/IC/ros2_ws/install/my_package/share/my_package/resource
running install_egg_info
removing '/home/lucas/Desktop/RoboFEI/IC/ros2_ws/install/my_package/lib/python3.8/site-packages/my_package-0.0.0-py3.8.egg-info' (and everything under it)
Copying ../../build/my_package/my_package.egg-info to /home/lucas/Desktop/RoboFEI/IC/ros2_ws/install/my_package/lib/python3.8/site-packages/my_package-0.0.0-py3.8.egg-info
running install_scripts
Installing my_robot_driver script to /home/lucas/Desktop/RoboFEI/IC/ros2_ws/install/my_package/lib/my_package
Installing obstacle_avoider script to /home/lucas/Desktop/RoboFEI/IC/ros2_ws/install/my_package/lib/my_package
writing list of installed files to '/home/lucas/Desktop/RoboFEI/IC/ros2_ws/build/my_package/install.log'
