[1.023s] Invoking command in '/home/lucas/Desktop/RoboFEI/IC/ros2_ws/src/my_package': PYTHONPATH=/home/lucas/Desktop/RoboFEI/IC/ros2_ws/build/my_package/prefix_override:/home/lucas/Desktop/RoboFEI/IC/ros2_ws/install/my_package/lib/python3.8/site-packages:${PYTHONPATH} /usr/bin/python3 -W ignore:setup.py install is deprecated setup.py egg_info --egg-base ../../build/my_package build --build-base /home/lucas/Desktop/RoboFEI/IC/ros2_ws/build/my_package/build install --record /home/lucas/Desktop/RoboFEI/IC/ros2_ws/build/my_package/install.log --install-scripts $base/lib/my_package --single-version-externally-managed install_data
[1.330s] running egg_info
[1.331s] writing ../../build/my_package/my_package.egg-info/PKG-INFO
[1.331s] writing dependency_links to ../../build/my_package/my_package.egg-info/dependency_links.txt
[1.332s] writing entry points to ../../build/my_package/my_package.egg-info/entry_points.txt
[1.332s] writing requirements to ../../build/my_package/my_package.egg-info/requires.txt
[1.333s] writing top-level names to ../../build/my_package/my_package.egg-info/top_level.txt
[1.386s] reading manifest file '../../build/my_package/my_package.egg-info/SOURCES.txt'
[1.387s] writing manifest file '../../build/my_package/my_package.egg-info/SOURCES.txt'
[1.387s] running build
[1.388s] running build_py
[1.388s] copying my_package/obstacle_avoider.py -> /home/lucas/Desktop/RoboFEI/IC/ros2_ws/build/my_package/build/lib/my_package
[1.389s] copying my_package/my_robot_driver.py -> /home/lucas/Desktop/RoboFEI/IC/ros2_ws/build/my_package/build/lib/my_package
[1.389s] running install
[1.389s] running install_lib
[1.390s] copying /home/lucas/Desktop/RoboFEI/IC/ros2_ws/build/my_package/build/lib/my_package/obstacle_avoider.py -> /home/lucas/Desktop/RoboFEI/IC/ros2_ws/install/my_package/lib/python3.8/site-packages/my_package
[1.390s] copying /home/lucas/Desktop/RoboFEI/IC/ros2_ws/build/my_package/build/lib/my_package/my_robot_driver.py -> /home/lucas/Desktop/RoboFEI/IC/ros2_ws/install/my_package/lib/python3.8/site-packages/my_package
[1.390s] byte-compiling /home/lucas/Desktop/RoboFEI/IC/ros2_ws/install/my_package/lib/python3.8/site-packages/my_package/obstacle_avoider.py to obstacle_avoider.cpython-38.pyc
[1.393s] byte-compiling /home/lucas/Desktop/RoboFEI/IC/ros2_ws/install/my_package/lib/python3.8/site-packages/my_package/my_robot_driver.py to my_robot_driver.cpython-38.pyc
[1.393s] running install_data
[1.393s] copying launch/robot_launch.py -> /home/lucas/Desktop/RoboFEI/IC/ros2_ws/install/my_package/share/my_package/launch
[1.394s] copying resource/my_robot.urdf -> /home/lucas/Desktop/RoboFEI/IC/ros2_ws/install/my_package/share/my_package/resource
[1.394s] running install_egg_info
[1.396s] removing '/home/lucas/Desktop/RoboFEI/IC/ros2_ws/install/my_package/lib/python3.8/site-packages/my_package-0.0.0-py3.8.egg-info' (and everything under it)
[1.396s] Copying ../../build/my_package/my_package.egg-info to /home/lucas/Desktop/RoboFEI/IC/ros2_ws/install/my_package/lib/python3.8/site-packages/my_package-0.0.0-py3.8.egg-info
[1.397s] running install_scripts
[1.419s] Installing my_robot_driver script to /home/lucas/Desktop/RoboFEI/IC/ros2_ws/install/my_package/lib/my_package
[1.420s] Installing obstacle_avoider script to /home/lucas/Desktop/RoboFEI/IC/ros2_ws/install/my_package/lib/my_package
[1.420s] writing list of installed files to '/home/lucas/Desktop/RoboFEI/IC/ros2_ws/build/my_package/install.log'
[1.449s] Invoked command in '/home/lucas/Desktop/RoboFEI/IC/ros2_ws/src/my_package' returned '0': PYTHONPATH=/home/lucas/Desktop/RoboFEI/IC/ros2_ws/build/my_package/prefix_override:/home/lucas/Desktop/RoboFEI/IC/ros2_ws/install/my_package/lib/python3.8/site-packages:${PYTHONPATH} /usr/bin/python3 -W ignore:setup.py install is deprecated setup.py egg_info --egg-base ../../build/my_package build --build-base /home/lucas/Desktop/RoboFEI/IC/ros2_ws/build/my_package/build install --record /home/lucas/Desktop/RoboFEI/IC/ros2_ws/build/my_package/install.log --install-scripts $base/lib/my_package --single-version-externally-managed install_data
